{"/home/travis/build/npmtest/node-npmtest-aphrodite/test.js":{"path":"/home/travis/build/npmtest/node-npmtest-aphrodite/test.js","s":{"1":2,"2":2,"3":2,"4":2,"5":2,"6":2,"7":2,"8":1,"9":2,"10":2,"11":1,"12":1,"13":1,"14":1,"15":2,"16":2,"17":2,"18":2,"19":1,"20":1,"21":2,"22":2,"23":2,"24":1,"25":1,"26":1,"27":1,"28":1,"29":1,"30":1,"31":1,"32":1,"33":1,"34":1,"35":1,"36":1,"37":2,"38":2,"39":1,"40":2,"41":2,"42":1,"43":2,"44":2,"45":1,"46":2,"47":2,"48":1,"49":1,"50":1,"51":1,"52":1},"b":{"1":[2,1,1,1],"2":[1,1,1,1],"3":[1,1],"4":[1,1],"5":[1,1],"6":[1,1],"7":[1,1],"8":[1,1],"9":[1,1,1],"10":[1,1],"11":[1,1],"12":[1,1],"13":[1,1],"14":[1,1],"15":[1,1],"16":[1,1]},"f":{"1":2,"2":2,"3":2,"4":2,"5":2,"6":1,"7":1,"8":2,"9":2,"10":2,"11":2,"12":1},"fnMap":{"1":{"name":"(anonymous_1)","line":12,"loc":{"start":{"line":12,"column":1},"end":{"line":12,"column":13}}},"2":{"name":"(anonymous_2)","line":19,"loc":{"start":{"line":19,"column":5},"end":{"line":19,"column":17}}},"3":{"name":"(anonymous_3)","line":23,"loc":{"start":{"line":23,"column":24},"end":{"line":23,"column":36}}},"4":{"name":"(anonymous_4)","line":61,"loc":{"start":{"line":61,"column":5},"end":{"line":61,"column":17}}},"5":{"name":"(anonymous_5)","line":82,"loc":{"start":{"line":82,"column":5},"end":{"line":82,"column":17}}},"6":{"name":"(anonymous_6)","line":102,"loc":{"start":{"line":102,"column":83},"end":{"line":105,"column":10}},"skip":true},"7":{"name":"(anonymous_7)","line":113,"loc":{"start":{"line":113,"column":77},"end":{"line":116,"column":10}},"skip":true},"8":{"name":"(anonymous_8)","line":129,"loc":{"start":{"line":129,"column":12},"end":{"line":129,"column":40}},"skip":true},"9":{"name":"(anonymous_9)","line":137,"loc":{"start":{"line":137,"column":77},"end":{"line":140,"column":10}},"skip":true},"10":{"name":"(anonymous_10)","line":148,"loc":{"start":{"line":148,"column":83},"end":{"line":151,"column":10}},"skip":true},"11":{"name":"(anonymous_11)","line":159,"loc":{"start":{"line":159,"column":79},"end":{"line":162,"column":10}},"skip":true},"12":{"name":"(anonymous_12)","line":170,"loc":{"start":{"line":170,"column":75},"end":{"line":173,"column":10}},"skip":true}},"statementMap":{"1":{"start":{"line":12,"column":0},"end":{"line":185,"column":5}},"2":{"start":{"line":14,"column":4},"end":{"line":14,"column":14}},"3":{"start":{"line":19,"column":4},"end":{"line":56,"column":9}},"4":{"start":{"line":21,"column":8},"end":{"line":21,"column":19}},"5":{"start":{"line":23,"column":8},"end":{"line":35,"column":13}},"6":{"start":{"line":24,"column":12},"end":{"line":34,"column":13}},"7":{"start":{"line":25,"column":16},"end":{"line":28,"column":30}},"8":{"start":{"line":30,"column":16},"end":{"line":33,"column":27}},"9":{"start":{"line":37,"column":8},"end":{"line":39,"column":21}},"10":{"start":{"line":40,"column":8},"end":{"line":53,"column":9}},"11":{"start":{"line":43,"column":12},"end":{"line":46,"column":14}},"12":{"start":{"line":47,"column":12},"end":{"line":47,"column":18}},"13":{"start":{"line":50,"column":12},"end":{"line":51,"column":46}},"14":{"start":{"line":52,"column":12},"end":{"line":52,"column":18}},"15":{"start":{"line":55,"column":8},"end":{"line":55,"column":35}},"16":{"start":{"line":61,"column":4},"end":{"line":63,"column":9}},"17":{"start":{"line":62,"column":8},"end":{"line":62,"column":15}},"18":{"start":{"line":64,"column":4},"end":{"line":77,"column":5}},"19":{"start":{"line":70,"column":8},"end":{"line":70,"column":14}},"20":{"start":{"line":76,"column":8},"end":{"line":76,"column":14}},"21":{"start":{"line":82,"column":4},"end":{"line":84,"column":9}},"22":{"start":{"line":83,"column":8},"end":{"line":83,"column":15}},"23":{"start":{"line":85,"column":4},"end":{"line":184,"column":5}},"24":{"start":{"line":92,"column":8},"end":{"line":94,"column":63}},"25":{"start":{"line":95,"column":8},"end":{"line":95,"column":14}},"26":{"start":{"line":102,"column":8},"end":{"line":111,"column":10},"skip":true},"27":{"start":{"line":109,"column":12},"end":{"line":109,"column":55},"skip":true},"28":{"start":{"line":110,"column":12},"end":{"line":110,"column":48},"skip":true},"29":{"start":{"line":113,"column":8},"end":{"line":126,"column":10},"skip":true},"30":{"start":{"line":120,"column":12},"end":{"line":120,"column":76},"skip":true},"31":{"start":{"line":121,"column":12},"end":{"line":121,"column":73},"skip":true},"32":{"start":{"line":122,"column":12},"end":{"line":122,"column":74},"skip":true},"33":{"start":{"line":123,"column":12},"end":{"line":123,"column":79},"skip":true},"34":{"start":{"line":124,"column":12},"end":{"line":124,"column":25},"skip":true},"35":{"start":{"line":125,"column":12},"end":{"line":125,"column":45},"skip":true},"36":{"start":{"line":128,"column":8},"end":{"line":135,"column":14},"skip":true},"37":{"start":{"line":133,"column":16},"end":{"line":133,"column":29},"skip":true},"38":{"start":{"line":134,"column":16},"end":{"line":134,"column":55},"skip":true},"39":{"start":{"line":137,"column":8},"end":{"line":146,"column":10},"skip":true},"40":{"start":{"line":144,"column":12},"end":{"line":144,"column":25},"skip":true},"41":{"start":{"line":145,"column":12},"end":{"line":145,"column":45},"skip":true},"42":{"start":{"line":148,"column":8},"end":{"line":157,"column":10},"skip":true},"43":{"start":{"line":155,"column":12},"end":{"line":155,"column":25},"skip":true},"44":{"start":{"line":156,"column":12},"end":{"line":156,"column":48},"skip":true},"45":{"start":{"line":159,"column":8},"end":{"line":168,"column":10},"skip":true},"46":{"start":{"line":166,"column":12},"end":{"line":166,"column":25},"skip":true},"47":{"start":{"line":167,"column":12},"end":{"line":167,"column":46},"skip":true},"48":{"start":{"line":170,"column":8},"end":{"line":179,"column":10},"skip":true},"49":{"start":{"line":177,"column":12},"end":{"line":177,"column":94},"skip":true},"50":{"start":{"line":178,"column":12},"end":{"line":178,"column":48},"skip":true},"51":{"start":{"line":182,"column":8},"end":{"line":182,"column":35},"skip":true},"52":{"start":{"line":183,"column":8},"end":{"line":183,"column":14},"skip":true}},"branchMap":{"1":{"line":25,"type":"binary-expr","locations":[{"start":{"line":25,"column":23},"end":{"line":25,"column":62}},{"start":{"line":26,"column":20},"end":{"line":26,"column":70}},{"start":{"line":27,"column":20},"end":{"line":27,"column":71}},{"start":{"line":28,"column":20},"end":{"line":28,"column":29}}]},"2":{"line":30,"type":"binary-expr","locations":[{"start":{"line":30,"column":23},"end":{"line":30,"column":37}},{"start":{"line":31,"column":20},"end":{"line":31,"column":61}},{"start":{"line":32,"column":20},"end":{"line":32,"column":70}},{"start":{"line":33,"column":20},"end":{"line":33,"column":26}}]},"3":{"line":37,"type":"cond-expr","locations":[{"start":{"line":38,"column":14},"end":{"line":38,"column":20}},{"start":{"line":39,"column":14},"end":{"line":39,"column":20}}]},"4":{"line":40,"type":"switch","locations":[{"start":{"line":42,"column":8},"end":{"line":47,"column":18}},{"start":{"line":49,"column":8},"end":{"line":52,"column":18}}]},"5":{"line":44,"type":"binary-expr","locations":[{"start":{"line":44,"column":16},"end":{"line":44,"column":44}},{"start":{"line":44,"column":48},"end":{"line":44,"column":66}}]},"6":{"line":50,"type":"binary-expr","locations":[{"start":{"line":50,"column":21},"end":{"line":50,"column":49}},{"start":{"line":50,"column":53},"end":{"line":50,"column":72}}]},"7":{"line":64,"type":"switch","locations":[{"start":{"line":69,"column":4},"end":{"line":70,"column":14}},{"start":{"line":75,"column":4},"end":{"line":76,"column":14}}]},"8":{"line":85,"type":"switch","locations":[{"start":{"line":90,"column":4},"end":{"line":95,"column":14}},{"start":{"line":101,"column":4},"end":{"line":183,"column":14},"skip":true}]},"9":{"line":92,"type":"binary-expr","locations":[{"start":{"line":92,"column":18},"end":{"line":92,"column":32}},{"start":{"line":93,"column":12},"end":{"line":93,"column":53}},{"start":{"line":94,"column":12},"end":{"line":94,"column":61}}]},"10":{"line":102,"type":"binary-expr","locations":[{"start":{"line":102,"column":45},"end":{"line":102,"column":79},"skip":true},{"start":{"line":102,"column":83},"end":{"line":111,"column":9},"skip":true}]},"11":{"line":113,"type":"binary-expr","locations":[{"start":{"line":113,"column":42},"end":{"line":113,"column":73},"skip":true},{"start":{"line":113,"column":77},"end":{"line":126,"column":9},"skip":true}]},"12":{"line":128,"type":"binary-expr","locations":[{"start":{"line":128,"column":48},"end":{"line":128,"column":85},"skip":true},{"start":{"line":129,"column":12},"end":{"line":135,"column":13},"skip":true}]},"13":{"line":137,"type":"binary-expr","locations":[{"start":{"line":137,"column":42},"end":{"line":137,"column":73},"skip":true},{"start":{"line":137,"column":77},"end":{"line":146,"column":9},"skip":true}]},"14":{"line":148,"type":"binary-expr","locations":[{"start":{"line":148,"column":45},"end":{"line":148,"column":79},"skip":true},{"start":{"line":148,"column":83},"end":{"line":157,"column":9},"skip":true}]},"15":{"line":159,"type":"binary-expr","locations":[{"start":{"line":159,"column":43},"end":{"line":159,"column":75},"skip":true},{"start":{"line":159,"column":79},"end":{"line":168,"column":9},"skip":true}]},"16":{"line":170,"type":"binary-expr","locations":[{"start":{"line":170,"column":41},"end":{"line":170,"column":71},"skip":true},{"start":{"line":170,"column":75},"end":{"line":179,"column":9},"skip":true}]}},"code":["/* istanbul instrument in package npmtest_aphrodite */","/*jslint","    bitwise: true,","    browser: true,","    maxerr: 8,","    maxlen: 96,","    node: true,","    nomen: true,","    regexp: true,","    stupid: true","*/","(function () {","    'use strict';","    var local;","","","","    // run shared js-env code - pre-init","    (function () {","        // init local","        local = {};","        // init modeJs","        local.modeJs = (function () {","            try {","                return typeof navigator.userAgent === 'string' &&","                    typeof document.querySelector('body') === 'object' &&","                    typeof XMLHttpRequest.prototype.open === 'function' &&","                    'browser';","            } catch (errorCaughtBrowser) {","                return module.exports &&","                    typeof process.versions.node === 'string' &&","                    typeof require('http').createServer === 'function' &&","                    'node';","            }","        }());","        // init global","        local.global = local.modeJs === 'browser'","            ? window","            : global;","        switch (local.modeJs) {","        // re-init local from window.local","        case 'browser':","            local = local.global.utility2.objectSetDefault(","                local.global.utility2_rollup || local.global.local,","                local.global.utility2","            );","            break;","        // re-init local from example.js","        case 'node':","            local = (local.global.utility2_rollup || require('utility2'))","                .requireExampleJsFromReadme();","            break;","        }","        // export local","        local.global.local = local;","    }());","","","","    // run shared js-env code - function","    (function () {","        return;","    }());","    switch (local.modeJs) {","","","","    // run browser js-env code - function","    case 'browser':","        break;","","","","    // run node js-env code - function","    case 'node':","        break;","    }","","","","    // run shared js-env code - post-init","    (function () {","        return;","    }());","    switch (local.modeJs) {","","","","    // run browser js-env code - post-init","    case 'browser':","        // run tests","        local.nop(local.modeTest &&","            document.querySelector('#testRunButton1') &&","            document.querySelector('#testRunButton1').click());","        break;","","","","    // run node js-env code - post-init","    /* istanbul ignore next */","    case 'node':","        local.testCase_buildApidoc_default = local.testCase_buildApidoc_default || function (","            options,","            onError","        ) {","        /*","         * this function will test buildApidoc's default handling-behavior-behavior","         */","            options = { modulePathList: module.paths };","            local.buildApidoc(options, onError);","        };","","        local.testCase_buildApp_default = local.testCase_buildApp_default || function (","            options,","            onError","        ) {","        /*","         * this function will test buildApp's default handling-behavior-behavior","         */","            local.testCase_buildReadme_default(options, local.onErrorThrow);","            local.testCase_buildLib_default(options, local.onErrorThrow);","            local.testCase_buildTest_default(options, local.onErrorThrow);","            local.testCase_buildCustomOrg_default(options, local.onErrorThrow);","            options = [];","            local.buildApp(options, onError);","        };","","        local.testCase_buildCustomOrg_default = local.testCase_buildCustomOrg_default ||","            function (options, onError) {","            /*","             * this function will test buildCustomOrg's default handling-behavior","             */","                options = {};","                local.buildCustomOrg(options, onError);","            };","","        local.testCase_buildLib_default = local.testCase_buildLib_default || function (","            options,","            onError","        ) {","        /*","         * this function will test buildLib's default handling-behavior","         */","            options = {};","            local.buildLib(options, onError);","        };","","        local.testCase_buildReadme_default = local.testCase_buildReadme_default || function (","            options,","            onError","        ) {","        /*","         * this function will test buildReadme's default handling-behavior-behavior","         */","            options = {};","            local.buildReadme(options, onError);","        };","","        local.testCase_buildTest_default = local.testCase_buildTest_default || function (","            options,","            onError","        ) {","        /*","         * this function will test buildTest's default handling-behavior","         */","            options = {};","            local.buildTest(options, onError);","        };","","        local.testCase_webpage_default = local.testCase_webpage_default || function (","            options,","            onError","        ) {","        /*","         * this function will test webpage's default handling-behavior","         */","            options = { modeCoverageMerge: true, url: local.serverLocalHost + '?modeTest=1' };","            local.browserTest(options, onError);","        };","","        // run test-server","        local.testRunServer(local);","        break;","    }","}());",""],"l":{"12":2,"14":2,"19":2,"21":2,"23":2,"24":2,"25":2,"30":1,"37":2,"40":2,"43":1,"47":1,"50":1,"52":1,"55":2,"61":2,"62":2,"64":2,"70":1,"76":1,"82":2,"83":2,"85":2,"92":1,"95":1,"102":1,"109":1,"110":1,"113":1,"120":1,"121":1,"122":1,"123":1,"124":1,"125":1,"128":1,"133":2,"134":2,"137":1,"144":2,"145":2,"148":1,"155":2,"156":2,"159":1,"166":2,"167":2,"170":1,"177":1,"178":1,"182":1,"183":1}},"/home/travis/build/npmtest/node-npmtest-aphrodite/lib.npmtest_aphrodite.js":{"path":"/home/travis/build/npmtest/node-npmtest-aphrodite/lib.npmtest_aphrodite.js","s":{"1":2,"2":2,"3":2,"4":2,"5":2,"6":2,"7":2,"8":1,"9":2,"10":2,"11":2,"12":2,"13":1,"14":1,"15":1,"16":1},"b":{"1":[2,1,1,1],"2":[1,1,1,1],"3":[1,1],"4":[2,2],"5":[1,1]},"f":{"1":2,"2":2,"3":2},"fnMap":{"1":{"name":"(anonymous_1)","line":12,"loc":{"start":{"line":12,"column":1},"end":{"line":12,"column":13}}},"2":{"name":"(anonymous_2)","line":19,"loc":{"start":{"line":19,"column":5},"end":{"line":19,"column":17}}},"3":{"name":"(anonymous_3)","line":23,"loc":{"start":{"line":23,"column":24},"end":{"line":23,"column":36}}}},"statementMap":{"1":{"start":{"line":12,"column":0},"end":{"line":53,"column":5}},"2":{"start":{"line":14,"column":4},"end":{"line":14,"column":14}},"3":{"start":{"line":19,"column":4},"end":{"line":52,"column":9}},"4":{"start":{"line":21,"column":8},"end":{"line":21,"column":19}},"5":{"start":{"line":23,"column":8},"end":{"line":35,"column":13}},"6":{"start":{"line":24,"column":12},"end":{"line":34,"column":13}},"7":{"start":{"line":25,"column":16},"end":{"line":28,"column":30}},"8":{"start":{"line":30,"column":16},"end":{"line":33,"column":27}},"9":{"start":{"line":37,"column":8},"end":{"line":39,"column":21}},"10":{"start":{"line":41,"column":8},"end":{"line":41,"column":54}},"11":{"start":{"line":43,"column":8},"end":{"line":43,"column":54}},"12":{"start":{"line":45,"column":8},"end":{"line":51,"column":9}},"13":{"start":{"line":46,"column":12},"end":{"line":46,"column":60}},"14":{"start":{"line":48,"column":12},"end":{"line":48,"column":35}},"15":{"start":{"line":49,"column":12},"end":{"line":49,"column":49}},"16":{"start":{"line":50,"column":12},"end":{"line":50,"column":43}}},"branchMap":{"1":{"line":25,"type":"binary-expr","locations":[{"start":{"line":25,"column":23},"end":{"line":25,"column":62}},{"start":{"line":26,"column":20},"end":{"line":26,"column":70}},{"start":{"line":27,"column":20},"end":{"line":27,"column":71}},{"start":{"line":28,"column":20},"end":{"line":28,"column":29}}]},"2":{"line":30,"type":"binary-expr","locations":[{"start":{"line":30,"column":23},"end":{"line":30,"column":37}},{"start":{"line":31,"column":20},"end":{"line":31,"column":61}},{"start":{"line":32,"column":20},"end":{"line":32,"column":70}},{"start":{"line":33,"column":20},"end":{"line":33,"column":26}}]},"3":{"line":37,"type":"cond-expr","locations":[{"start":{"line":38,"column":14},"end":{"line":38,"column":20}},{"start":{"line":39,"column":14},"end":{"line":39,"column":20}}]},"4":{"line":41,"type":"binary-expr","locations":[{"start":{"line":41,"column":16},"end":{"line":41,"column":44}},{"start":{"line":41,"column":48},"end":{"line":41,"column":53}}]},"5":{"line":45,"type":"if","locations":[{"start":{"line":45,"column":8},"end":{"line":45,"column":8}},{"start":{"line":45,"column":8},"end":{"line":45,"column":8}}]}},"code":["/* istanbul instrument in package npmtest_aphrodite */","/*jslint","    bitwise: true,","    browser: true,","    maxerr: 8,","    maxlen: 96,","    node: true,","    nomen: true,","    regexp: true,","    stupid: true","*/","(function () {","    'use strict';","    var local;","","","","    // run shared js-env code - pre-init","    (function () {","        // init local","        local = {};","        // init modeJs","        local.modeJs = (function () {","            try {","                return typeof navigator.userAgent === 'string' &&","                    typeof document.querySelector('body') === 'object' &&","                    typeof XMLHttpRequest.prototype.open === 'function' &&","                    'browser';","            } catch (errorCaughtBrowser) {","                return module.exports &&","                    typeof process.versions.node === 'string' &&","                    typeof require('http').createServer === 'function' &&","                    'node';","            }","        }());","        // init global","        local.global = local.modeJs === 'browser'","            ? window","            : global;","        // init utility2_rollup","        local = local.global.utility2_rollup || local;","        // init lib","        local.local = local.npmtest_aphrodite = local;","        // init exports","        if (local.modeJs === 'browser') {","            local.global.utility2_npmtest_aphrodite = local;","        } else {","            module.exports = local;","            module.exports.__dirname = __dirname;","            module.exports.module = module;","        }","    }());","}());",""],"l":{"12":2,"14":2,"19":2,"21":2,"23":2,"24":2,"25":2,"30":1,"37":2,"41":2,"43":2,"45":2,"46":1,"48":1,"49":1,"50":1}},"/home/travis/build/npmtest/node-npmtest-aphrodite/example.js":{"path":"/home/travis/build/npmtest/node-npmtest-aphrodite/example.js","s":{"1":2,"2":2,"3":2,"4":2,"5":2,"6":2,"7":2,"8":1,"9":2,"10":2,"11":2,"12":2,"13":1,"14":2,"15":2,"16":2,"17":2,"18":2,"19":0,"20":2,"21":1,"22":1,"23":1,"24":1,"25":1,"26":0,"27":0,"28":1,"29":1,"30":2,"31":0,"32":0,"33":0,"34":1,"35":2,"36":2,"37":2,"38":2,"39":2,"40":2,"41":0,"42":2,"43":2,"44":2,"45":1,"46":3,"47":1,"48":1,"49":1,"50":1,"51":1,"52":1,"53":1,"54":1,"55":1,"56":1,"57":0,"58":1,"59":6,"60":6,"61":1,"62":2,"63":0,"64":2,"65":1,"66":1,"67":0,"68":0,"69":0,"70":0,"71":0,"72":0,"73":0,"74":0,"75":0,"76":0,"77":0,"78":0,"79":0,"80":0,"81":0,"82":0,"83":0},"b":{"1":[2,1,1,1],"2":[1,1,1,1],"3":[1,1],"4":[2,2],"5":[1,1],"6":[1,1],"7":[2,0],"8":[2,1,1,1,1,1],"9":[0,2,0],"10":[1,1],"11":[2,1,1],"12":[1,0],"13":[0,2],"14":[2,0,0,0,0,0,0],"15":[0,2],"16":[2,0],"17":[1,1],"18":[0,1],"19":[1,2,0,2],"20":[1,0],"21":[1,1],"22":[0,0],"23":[0,0],"24":[0,0],"25":[0,0],"26":[0,0],"27":[0,0],"28":[0,0]},"f":{"1":2,"2":2,"3":2,"4":2,"5":2,"6":2,"7":2,"8":2,"9":3,"10":1,"11":6,"12":0},"fnMap":{"1":{"name":"(anonymous_1)","line":26,"loc":{"start":{"line":26,"column":1},"end":{"line":26,"column":13}}},"2":{"name":"(anonymous_2)","line":33,"loc":{"start":{"line":33,"column":5},"end":{"line":33,"column":17}}},"3":{"name":"(anonymous_3)","line":37,"loc":{"start":{"line":37,"column":24},"end":{"line":37,"column":36}}},"4":{"name":"(anonymous_4)","line":69,"loc":{"start":{"line":69,"column":31},"end":{"line":69,"column":48}},"skip":true},"5":{"name":"(anonymous_5)","line":78,"loc":{"start":{"line":78,"column":26},"end":{"line":78,"column":45}},"skip":true},"6":{"name":"(anonymous_6)","line":123,"loc":{"start":{"line":123,"column":33},"end":{"line":123,"column":48}},"skip":true},"7":{"name":"(anonymous_7)","line":125,"loc":{"start":{"line":125,"column":27},"end":{"line":125,"column":39}},"skip":true},"8":{"name":"(anonymous_8)","line":133,"loc":{"start":{"line":133,"column":59},"end":{"line":133,"column":74}},"skip":true},"9":{"name":"(anonymous_9)","line":143,"loc":{"start":{"line":143,"column":45},"end":{"line":143,"column":62}},"skip":true},"10":{"name":"(anonymous_10)","line":144,"loc":{"start":{"line":144,"column":73},"end":{"line":144,"column":92}},"skip":true},"11":{"name":"(anonymous_11)","line":272,"loc":{"start":{"line":272,"column":51},"end":{"line":272,"column":77}},"skip":true},"12":{"name":"(anonymous_12)","line":314,"loc":{"start":{"line":314,"column":32},"end":{"line":314,"column":61}},"skip":true}},"statementMap":{"1":{"start":{"line":26,"column":0},"end":{"line":325,"column":5}},"2":{"start":{"line":28,"column":4},"end":{"line":28,"column":14}},"3":{"start":{"line":33,"column":4},"end":{"line":60,"column":9}},"4":{"start":{"line":35,"column":8},"end":{"line":35,"column":19}},"5":{"start":{"line":37,"column":8},"end":{"line":49,"column":13}},"6":{"start":{"line":38,"column":12},"end":{"line":48,"column":13}},"7":{"start":{"line":39,"column":16},"end":{"line":42,"column":30}},"8":{"start":{"line":44,"column":16},"end":{"line":47,"column":27}},"9":{"start":{"line":51,"column":8},"end":{"line":53,"column":21}},"10":{"start":{"line":55,"column":8},"end":{"line":57,"column":45}},"11":{"start":{"line":59,"column":8},"end":{"line":59,"column":35}},"12":{"start":{"line":61,"column":4},"end":{"line":324,"column":5}},"13":{"start":{"line":69,"column":8},"end":{"line":121,"column":10},"skip":true},"14":{"start":{"line":70,"column":12},"end":{"line":88,"column":13},"skip":true},"15":{"start":{"line":76,"column":16},"end":{"line":87,"column":19},"skip":true},"16":{"start":{"line":79,"column":20},"end":{"line":86,"column":21},"skip":true},"17":{"start":{"line":82,"column":24},"end":{"line":82,"column":43},"skip":true},"18":{"start":{"line":83,"column":24},"end":{"line":83,"column":30},"skip":true},"19":{"start":{"line":85,"column":24},"end":{"line":85,"column":49},"skip":true},"20":{"start":{"line":89,"column":12},"end":{"line":107,"column":13},"skip":true},"21":{"start":{"line":92,"column":16},"end":{"line":102,"column":17},"skip":true},"22":{"start":{"line":93,"column":20},"end":{"line":93,"column":86},"skip":true},"23":{"start":{"line":94,"column":20},"end":{"line":95,"column":45},"skip":true},"24":{"start":{"line":96,"column":20},"end":{"line":96,"column":42},"skip":true},"25":{"start":{"line":97,"column":20},"end":{"line":97,"column":48},"skip":true},"26":{"start":{"line":100,"column":20},"end":{"line":100,"column":85},"skip":true},"27":{"start":{"line":101,"column":20},"end":{"line":101,"column":96},"skip":true},"28":{"start":{"line":103,"column":16},"end":{"line":103,"column":22},"skip":true},"29":{"start":{"line":106,"column":16},"end":{"line":106,"column":22},"skip":true},"30":{"start":{"line":108,"column":12},"end":{"line":120,"column":13},"skip":true},"31":{"start":{"line":114,"column":16},"end":{"line":119,"column":17},"skip":true},"32":{"start":{"line":116,"column":20},"end":{"line":116,"column":78},"skip":true},"33":{"start":{"line":118,"column":20},"end":{"line":118,"column":47},"skip":true},"34":{"start":{"line":123,"column":8},"end":{"line":141,"column":11},"skip":true},"35":{"start":{"line":124,"column":12},"end":{"line":124,"column":54},"skip":true},"36":{"start":{"line":125,"column":12},"end":{"line":140,"column":14},"skip":true},"37":{"start":{"line":126,"column":16},"end":{"line":126,"column":28},"skip":true},"38":{"start":{"line":127,"column":16},"end":{"line":127,"column":69},"skip":true},"39":{"start":{"line":128,"column":16},"end":{"line":128,"column":75},"skip":true},"40":{"start":{"line":129,"column":16},"end":{"line":131,"column":17},"skip":true},"41":{"start":{"line":130,"column":20},"end":{"line":130,"column":27},"skip":true},"42":{"start":{"line":133,"column":16},"end":{"line":137,"column":36},"skip":true},"43":{"start":{"line":134,"column":20},"end":{"line":136,"column":55},"skip":true},"44":{"start":{"line":139,"column":16},"end":{"line":139,"column":57},"skip":true},"45":{"start":{"line":143,"column":8},"end":{"line":147,"column":11},"skip":true},"46":{"start":{"line":144,"column":12},"end":{"line":146,"column":15},"skip":true},"47":{"start":{"line":145,"column":16},"end":{"line":145,"column":70},"skip":true},"48":{"start":{"line":149,"column":8},"end":{"line":149,"column":31},"skip":true},"49":{"start":{"line":150,"column":8},"end":{"line":150,"column":14},"skip":true},"50":{"start":{"line":158,"column":8},"end":{"line":158,"column":31},"skip":true},"51":{"start":{"line":160,"column":8},"end":{"line":160,"column":33},"skip":true},"52":{"start":{"line":161,"column":8},"end":{"line":161,"column":37},"skip":true},"53":{"start":{"line":162,"column":8},"end":{"line":162,"column":35},"skip":true},"54":{"start":{"line":164,"column":8},"end":{"line":164,"column":50},"skip":true},"55":{"start":{"line":166,"column":8},"end":{"line":256,"column":2},"skip":true},"56":{"start":{"line":258,"column":8},"end":{"line":286,"column":9},"skip":true},"57":{"start":{"line":259,"column":12},"end":{"line":269,"column":14},"skip":true},"58":{"start":{"line":271,"column":12},"end":{"line":285,"column":19},"skip":true},"59":{"start":{"line":274,"column":20},"end":{"line":274,"column":35},"skip":true},"60":{"start":{"line":275,"column":20},"end":{"line":284,"column":21},"skip":true},"61":{"start":{"line":277,"column":24},"end":{"line":277,"column":64},"skip":true},"62":{"start":{"line":279,"column":24},"end":{"line":279,"column":40},"skip":true},"63":{"start":{"line":281,"column":24},"end":{"line":281,"column":40},"skip":true},"64":{"start":{"line":283,"column":24},"end":{"line":283,"column":39},"skip":true},"65":{"start":{"line":288,"column":8},"end":{"line":290,"column":9},"skip":true},"66":{"start":{"line":289,"column":12},"end":{"line":289,"column":18},"skip":true},"67":{"start":{"line":291,"column":8},"end":{"line":293,"column":54},"skip":true},"68":{"start":{"line":294,"column":8},"end":{"line":301,"column":37},"skip":true},"69":{"start":{"line":302,"column":8},"end":{"line":302,"column":82},"skip":true},"70":{"start":{"line":305,"column":8},"end":{"line":307,"column":9},"skip":true},"71":{"start":{"line":306,"column":12},"end":{"line":306,"column":82},"skip":true},"72":{"start":{"line":309,"column":8},"end":{"line":311,"column":9},"skip":true},"73":{"start":{"line":310,"column":12},"end":{"line":310,"column":18},"skip":true},"74":{"start":{"line":312,"column":8},"end":{"line":312,"column":54},"skip":true},"75":{"start":{"line":313,"column":8},"end":{"line":313,"column":69},"skip":true},"76":{"start":{"line":314,"column":8},"end":{"line":322,"column":36},"skip":true},"77":{"start":{"line":315,"column":12},"end":{"line":315,"column":61},"skip":true},"78":{"start":{"line":316,"column":12},"end":{"line":319,"column":13},"skip":true},"79":{"start":{"line":317,"column":16},"end":{"line":317,"column":75},"skip":true},"80":{"start":{"line":318,"column":16},"end":{"line":318,"column":23},"skip":true},"81":{"start":{"line":320,"column":12},"end":{"line":320,"column":38},"skip":true},"82":{"start":{"line":321,"column":12},"end":{"line":321,"column":27},"skip":true},"83":{"start":{"line":323,"column":8},"end":{"line":323,"column":14},"skip":true}},"branchMap":{"1":{"line":39,"type":"binary-expr","locations":[{"start":{"line":39,"column":23},"end":{"line":39,"column":62}},{"start":{"line":40,"column":20},"end":{"line":40,"column":70}},{"start":{"line":41,"column":20},"end":{"line":41,"column":71}},{"start":{"line":42,"column":20},"end":{"line":42,"column":29}}]},"2":{"line":44,"type":"binary-expr","locations":[{"start":{"line":44,"column":23},"end":{"line":44,"column":37}},{"start":{"line":45,"column":20},"end":{"line":45,"column":61}},{"start":{"line":46,"column":20},"end":{"line":46,"column":70}},{"start":{"line":47,"column":20},"end":{"line":47,"column":26}}]},"3":{"line":51,"type":"cond-expr","locations":[{"start":{"line":52,"column":14},"end":{"line":52,"column":20}},{"start":{"line":53,"column":14},"end":{"line":53,"column":20}}]},"4":{"line":55,"type":"binary-expr","locations":[{"start":{"line":55,"column":16},"end":{"line":55,"column":44}},{"start":{"line":55,"column":49},"end":{"line":57,"column":43}}]},"5":{"line":55,"type":"cond-expr","locations":[{"start":{"line":56,"column":14},"end":{"line":56,"column":53}},{"start":{"line":57,"column":14},"end":{"line":57,"column":43}}]},"6":{"line":61,"type":"switch","locations":[{"start":{"line":68,"column":4},"end":{"line":150,"column":14},"skip":true},{"start":{"line":156,"column":4},"end":{"line":323,"column":14},"skip":true}]},"7":{"line":70,"type":"if","locations":[{"start":{"line":70,"column":12},"end":{"line":70,"column":12},"skip":true},{"start":{"line":70,"column":12},"end":{"line":70,"column":12},"skip":true}]},"8":{"line":70,"type":"binary-expr","locations":[{"start":{"line":70,"column":16},"end":{"line":70,"column":22},"skip":true},{"start":{"line":70,"column":27},"end":{"line":70,"column":32},"skip":true},{"start":{"line":71,"column":20},"end":{"line":71,"column":39},"skip":true},{"start":{"line":72,"column":20},"end":{"line":72,"column":49},"skip":true},{"start":{"line":73,"column":20},"end":{"line":73,"column":58},"skip":true},{"start":{"line":74,"column":20},"end":{"line":74,"column":69},"skip":true}]},"9":{"line":79,"type":"switch","locations":[{"start":{"line":80,"column":20},"end":{"line":80,"column":33},"skip":true},{"start":{"line":81,"column":20},"end":{"line":83,"column":30},"skip":true},{"start":{"line":84,"column":20},"end":{"line":85,"column":49},"skip":true}]},"10":{"line":89,"type":"switch","locations":[{"start":{"line":90,"column":12},"end":{"line":103,"column":22},"skip":true},{"start":{"line":105,"column":12},"end":{"line":106,"column":22},"skip":true}]},"11":{"line":89,"type":"binary-expr","locations":[{"start":{"line":89,"column":20},"end":{"line":89,"column":25},"skip":true},{"start":{"line":89,"column":29},"end":{"line":89,"column":48},"skip":true},{"start":{"line":89,"column":52},"end":{"line":89,"column":74},"skip":true}]},"12":{"line":92,"type":"if","locations":[{"start":{"line":92,"column":16},"end":{"line":92,"column":16},"skip":true},{"start":{"line":92,"column":16},"end":{"line":92,"column":16},"skip":true}]},"13":{"line":108,"type":"if","locations":[{"start":{"line":108,"column":12},"end":{"line":108,"column":12},"skip":true},{"start":{"line":108,"column":12},"end":{"line":108,"column":12},"skip":true}]},"14":{"line":108,"type":"binary-expr","locations":[{"start":{"line":108,"column":16},"end":{"line":108,"column":61},"skip":true},{"start":{"line":108,"column":66},"end":{"line":108,"column":72},"skip":true},{"start":{"line":108,"column":77},"end":{"line":108,"column":82},"skip":true},{"start":{"line":109,"column":20},"end":{"line":109,"column":39},"skip":true},{"start":{"line":110,"column":20},"end":{"line":110,"column":49},"skip":true},{"start":{"line":111,"column":20},"end":{"line":111,"column":58},"skip":true},{"start":{"line":112,"column":20},"end":{"line":112,"column":68},"skip":true}]},"15":{"line":129,"type":"if","locations":[{"start":{"line":129,"column":16},"end":{"line":129,"column":16},"skip":true},{"start":{"line":129,"column":16},"end":{"line":129,"column":16},"skip":true}]},"16":{"line":134,"type":"cond-expr","locations":[{"start":{"line":135,"column":26},"end":{"line":135,"column":29},"skip":true},{"start":{"line":136,"column":26},"end":{"line":136,"column":54},"skip":true}]},"17":{"line":164,"type":"binary-expr","locations":[{"start":{"line":164,"column":27},"end":{"line":164,"column":43},"skip":true},{"start":{"line":164,"column":47},"end":{"line":164,"column":49},"skip":true}]},"18":{"line":258,"type":"if","locations":[{"start":{"line":258,"column":8},"end":{"line":258,"column":8},"skip":true},{"start":{"line":258,"column":8},"end":{"line":258,"column":8},"skip":true}]},"19":{"line":275,"type":"switch","locations":[{"start":{"line":276,"column":20},"end":{"line":277,"column":64},"skip":true},{"start":{"line":278,"column":20},"end":{"line":279,"column":40},"skip":true},{"start":{"line":280,"column":20},"end":{"line":281,"column":40},"skip":true},{"start":{"line":282,"column":20},"end":{"line":283,"column":39},"skip":true}]},"20":{"line":288,"type":"if","locations":[{"start":{"line":288,"column":8},"end":{"line":288,"column":8},"skip":true},{"start":{"line":288,"column":8},"end":{"line":288,"column":8},"skip":true}]},"21":{"line":288,"type":"binary-expr","locations":[{"start":{"line":288,"column":12},"end":{"line":288,"column":40},"skip":true},{"start":{"line":288,"column":44},"end":{"line":288,"column":67},"skip":true}]},"22":{"line":292,"type":"binary-expr","locations":[{"start":{"line":292,"column":12},"end":{"line":292,"column":50},"skip":true},{"start":{"line":293,"column":12},"end":{"line":293,"column":53},"skip":true}]},"23":{"line":295,"type":"binary-expr","locations":[{"start":{"line":295,"column":12},"end":{"line":295,"column":67},"skip":true},{"start":{"line":296,"column":12},"end":{"line":301,"column":36},"skip":true}]},"24":{"line":302,"type":"binary-expr","locations":[{"start":{"line":302,"column":43},"end":{"line":302,"column":75},"skip":true},{"start":{"line":302,"column":79},"end":{"line":302,"column":81},"skip":true}]},"25":{"line":305,"type":"if","locations":[{"start":{"line":305,"column":8},"end":{"line":305,"column":8},"skip":true},{"start":{"line":305,"column":8},"end":{"line":305,"column":8},"skip":true}]},"26":{"line":309,"type":"if","locations":[{"start":{"line":309,"column":8},"end":{"line":309,"column":8},"skip":true},{"start":{"line":309,"column":8},"end":{"line":309,"column":8},"skip":true}]},"27":{"line":312,"type":"binary-expr","locations":[{"start":{"line":312,"column":27},"end":{"line":312,"column":43},"skip":true},{"start":{"line":312,"column":47},"end":{"line":312,"column":53},"skip":true}]},"28":{"line":316,"type":"if","locations":[{"start":{"line":316,"column":12},"end":{"line":316,"column":12},"skip":true},{"start":{"line":316,"column":12},"end":{"line":316,"column":12},"skip":true}]}},"code":["/*","example.js","","quickstart example","","instruction","    1. save this script as example.js","    2. run the shell command:","        $ npm install npmtest-aphrodite && PORT=8081 node example.js","    3. play with the browser-demo on http://127.0.0.1:8081","*/","","","","/* istanbul instrument in package npmtest_aphrodite */","/*jslint","    bitwise: true,","    browser: true,","    maxerr: 8,","    maxlen: 96,","    node: true,","    nomen: true,","    regexp: true,","    stupid: true","*/","(function () {","    'use strict';","    var local;","","","","    // run shared js-env code - pre-init","    (function () {","        // init local","        local = {};","        // init modeJs","        local.modeJs = (function () {","            try {","                return typeof navigator.userAgent === 'string' &&","                    typeof document.querySelector('body') === 'object' &&","                    typeof XMLHttpRequest.prototype.open === 'function' &&","                    'browser';","            } catch (errorCaughtBrowser) {","                return module.exports &&","                    typeof process.versions.node === 'string' &&","                    typeof require('http').createServer === 'function' &&","                    'node';","            }","        }());","        // init global","        local.global = local.modeJs === 'browser'","            ? window","            : global;","        // init utility2_rollup","        local = local.global.utility2_rollup || (local.modeJs === 'browser'","            ? local.global.utility2_npmtest_aphrodite","            : global.utility2_moduleExports);","        // export local","        local.global.local = local;","    }());","    switch (local.modeJs) {","","","","    // post-init","    // run browser js-env code - post-init","    /* istanbul ignore next */","    case 'browser':","        local.testRunBrowser = function (event) {","            if (!event || (event &&","                    event.currentTarget &&","                    event.currentTarget.className &&","                    event.currentTarget.className.includes &&","                    event.currentTarget.className.includes('onreset'))) {","                // reset output","                Array.from(","                    document.querySelectorAll('body > .resettable')","                ).forEach(function (element) {","                    switch (element.tagName) {","                    case 'INPUT':","                    case 'TEXTAREA':","                        element.value = '';","                        break;","                    default:","                        element.textContent = '';","                    }","                });","            }","            switch (event && event.currentTarget && event.currentTarget.id) {","            case 'testRunButton1':","                // show tests","                if (document.querySelector('#testReportDiv1').style.display === 'none') {","                    document.querySelector('#testReportDiv1').style.display = 'block';","                    document.querySelector('#testRunButton1').textContent =","                        'hide internal test';","                    local.modeTest = true;","                    local.testRunDefault(local);","                // hide tests","                } else {","                    document.querySelector('#testReportDiv1').style.display = 'none';","                    document.querySelector('#testRunButton1').textContent = 'run internal test';","                }","                break;","            // custom-case","            default:","                break;","            }","            if (document.querySelector('#inputTextareaEval1') && (!event || (event &&","                    event.currentTarget &&","                    event.currentTarget.className &&","                    event.currentTarget.className.includes &&","                    event.currentTarget.className.includes('oneval')))) {","                // try to eval input-code","                try {","                    /*jslint evil: true*/","                    eval(document.querySelector('#inputTextareaEval1').value);","                } catch (errorCaught) {","                    console.error(errorCaught);","                }","            }","        };","        // log stderr and stdout to #outputTextareaStdout1","        ['error', 'log'].forEach(function (key) {","            console[key + '_original'] = console[key];","            console[key] = function () {","                var element;","                console[key + '_original'].apply(console, arguments);","                element = document.querySelector('#outputTextareaStdout1');","                if (!element) {","                    return;","                }","                // append text to #outputTextareaStdout1","                element.value += Array.from(arguments).map(function (arg) {","                    return typeof arg === 'string'","                        ? arg","                        : JSON.stringify(arg, null, 4);","                }).join(' ') + '\\n';","                // scroll textarea to bottom","                element.scrollTop = element.scrollHeight;","            };","        });","        // init event-handling","        ['change', 'click', 'keyup'].forEach(function (event) {","            Array.from(document.querySelectorAll('.on' + event)).forEach(function (element) {","                element.addEventListener(event, local.testRunBrowser);","            });","        });","        // run tests","        local.testRunBrowser();","        break;","","","","    // run node js-env code - post-init","    /* istanbul ignore next */","    case 'node':","        // export local","        module.exports = local;","        // require modules","        local.fs = require('fs');","        local.http = require('http');","        local.url = require('url');","        // init assets","        local.assetsDict = local.assetsDict || {};","        /* jslint-ignore-begin */","        local.assetsDict['/assets.index.template.html'] = '\\","<!doctype html>\\n\\","<html lang=\"en\">\\n\\","<head>\\n\\","<meta charset=\"UTF-8\">\\n\\","<meta name=\"viewport\" content=\"width=device-width, initial-scale=1\">\\n\\","<title>{{env.npm_package_name}} (v{{env.npm_package_version}})</title>\\n\\","<style>\\n\\","/*csslint\\n\\","    box-sizing: false,\\n\\","    universal-selector: false\\n\\","*/\\n\\","* {\\n\\","    box-sizing: border-box;\\n\\","}\\n\\","body {\\n\\","    background: #dde;\\n\\","    font-family: Arial, Helvetica, sans-serif;\\n\\","    margin: 2rem;\\n\\","}\\n\\","body > * {\\n\\","    margin-bottom: 1rem;\\n\\","}\\n\\",".utility2FooterDiv {\\n\\","    margin-top: 20px;\\n\\","    text-align: center;\\n\\","}\\n\\","</style>\\n\\","<style>\\n\\","/*csslint\\n\\","*/\\n\\","textarea {\\n\\","    font-family: monospace;\\n\\","    height: 10rem;\\n\\","    width: 100%;\\n\\","}\\n\\","textarea[readonly] {\\n\\","    background: #ddd;\\n\\","}\\n\\","</style>\\n\\","</head>\\n\\","<body>\\n\\","<!-- utility2-comment\\n\\","<div id=\"ajaxProgressDiv1\" style=\"background: #d00; height: 2px; left: 0; margin: 0; padding: 0; position: fixed; top: 0; transition: background 0.5s, width 1.5s; width: 25%;\"></div>\\n\\","utility2-comment -->\\n\\","<h1>\\n\\","<!-- utility2-comment\\n\\","    <a\\n\\","        {{#if env.npm_package_homepage}}\\n\\","        href=\"{{env.npm_package_homepage}}\"\\n\\","        {{/if env.npm_package_homepage}}\\n\\","        target=\"_blank\"\\n\\","    >\\n\\","utility2-comment -->\\n\\","        {{env.npm_package_name}} (v{{env.npm_package_version}})\\n\\","<!-- utility2-comment\\n\\","    </a>\\n\\","utility2-comment -->\\n\\","</h1>\\n\\","<h3>{{env.npm_package_description}}</h3>\\n\\","<!-- utility2-comment\\n\\","<h4><a download href=\"assets.app.js\">download standalone app</a></h4>\\n\\","<button class=\"onclick onreset\" id=\"testRunButton1\">run internal test</button><br>\\n\\","<div id=\"testReportDiv1\" style=\"display: none;\"></div>\\n\\","utility2-comment -->\\n\\","\\n\\","\\n\\","\\n\\","<label>stderr and stdout</label>\\n\\","<textarea class=\"resettable\" id=\"outputTextareaStdout1\" readonly></textarea>\\n\\","<!-- utility2-comment\\n\\","{{#if isRollup}}\\n\\","<script src=\"assets.app.js\"></script>\\n\\","{{#unless isRollup}}\\n\\","utility2-comment -->\\n\\","<script src=\"assets.utility2.rollup.js\"></script>\\n\\","<script src=\"jsonp.utility2._stateInit?callback=window.utility2._stateInit\"></script>\\n\\","<script src=\"assets.npmtest_aphrodite.rollup.js\"></script>\\n\\","<script src=\"assets.example.js\"></script>\\n\\","<script src=\"assets.test.js\"></script>\\n\\","<!-- utility2-comment\\n\\","{{/if isRollup}}\\n\\","utility2-comment -->\\n\\","<div class=\"utility2FooterDiv\">\\n\\","    [ this app was created with\\n\\","    <a href=\"https://github.com/kaizhu256/node-utility2\" target=\"_blank\">utility2</a>\\n\\","    ]\\n\\","</div>\\n\\","</body>\\n\\","</html>\\n\\","';","        /* jslint-ignore-end */","        if (local.templateRender) {","            local.assetsDict['/'] = local.templateRender(","                local.assetsDict['/assets.index.template.html'],","                {","                    env: local.objectSetDefault(local.env, {","                        npm_package_description: 'the greatest app in the world!',","                        npm_package_name: 'my-app',","                        npm_package_nameAlias: 'my_app',","                        npm_package_version: '0.0.1'","                    })","                }","            );","        } else {","            local.assetsDict['/'] = local.assetsDict['/assets.index.template.html']","                .replace((/\\{\\{env\\.(\\w+?)\\}\\}/g), function (match0, match1) {","                    // jslint-hack","                    String(match0);","                    switch (match1) {","                    case 'npm_package_description':","                        return 'the greatest app in the world!';","                    case 'npm_package_name':","                        return 'my-app';","                    case 'npm_package_nameAlias':","                        return 'my_app';","                    case 'npm_package_version':","                        return '0.0.1';","                    }","                });","        }","        // run the cli","        if (local.global.utility2_rollup || module !== require.main) {","            break;","        }","        local.assetsDict['/assets.example.js'] =","            local.assetsDict['/assets.example.js'] ||","            local.fs.readFileSync(__filename, 'utf8');","        local.assetsDict['/assets.npmtest_aphrodite.rollup.js'] =","            local.assetsDict['/assets.npmtest_aphrodite.rollup.js'] ||","            local.fs.readFileSync(","                // buildCustomOrg-hack","                local.npmtest_aphrodite.__dirname +","                    '/lib.npmtest_aphrodite.js',","                'utf8'","            ).replace((/^#!/), '//');","        local.assetsDict['/favicon.ico'] = local.assetsDict['/favicon.ico'] || '';","        // if $npm_config_timeout_exit exists,","        // then exit this process after $npm_config_timeout_exit ms","        if (Number(process.env.npm_config_timeout_exit)) {","            setTimeout(process.exit, Number(process.env.npm_config_timeout_exit));","        }","        // start server","        if (local.global.utility2_serverHttp1) {","            break;","        }","        process.env.PORT = process.env.PORT || '8081';","        console.error('server starting on port ' + process.env.PORT);","        local.http.createServer(function (request, response) {","            request.urlParsed = local.url.parse(request.url);","            if (local.assetsDict[request.urlParsed.pathname] !== undefined) {","                response.end(local.assetsDict[request.urlParsed.pathname]);","                return;","            }","            response.statusCode = 404;","            response.end();","        }).listen(process.env.PORT);","        break;","    }","}());",""],"l":{"26":2,"28":2,"33":2,"35":2,"37":2,"38":2,"39":2,"44":1,"51":2,"55":2,"59":2,"61":2,"69":1,"70":2,"76":2,"79":2,"82":2,"83":2,"85":1,"89":2,"92":1,"93":1,"94":1,"96":1,"97":1,"100":1,"101":1,"103":1,"106":1,"108":2,"114":1,"116":1,"118":1,"123":1,"124":2,"125":2,"126":2,"127":2,"128":2,"129":2,"130":1,"133":2,"134":2,"139":2,"143":1,"144":3,"145":1,"149":1,"150":1,"158":1,"160":1,"161":1,"162":1,"164":1,"166":1,"258":1,"259":1,"271":1,"274":6,"275":6,"277":1,"279":2,"281":1,"283":2,"288":1,"289":1,"291":1,"294":1,"302":1,"305":1,"306":1,"309":1,"310":1,"312":1,"313":1,"314":1,"315":1,"316":1,"317":1,"318":1,"320":1,"321":1,"323":1}},"/home/travis/build/npmtest/node-npmtest-aphrodite/node_modules/aphrodite/lib/index.js":{"path":"/home/travis/build/npmtest/node-npmtest-aphrodite/node_modules/aphrodite/lib/index.js","s":{"1":1,"2":1,"3":1,"4":1,"5":1,"6":1,"7":1,"8":1,"9":1},"b":{"1":[0,1],"2":[1,1]},"f":{"1":1},"fnMap":{"1":{"name":"_interopRequireDefault","line":7,"loc":{"start":{"line":7,"column":0},"end":{"line":7,"column":37}}}},"statementMap":{"1":{"start":{"line":3,"column":0},"end":{"line":5,"column":3}},"2":{"start":{"line":7,"column":0},"end":{"line":7,"column":97}},"3":{"start":{"line":7,"column":39},"end":{"line":7,"column":95}},"4":{"start":{"line":9,"column":0},"end":{"line":9,"column":38}},"5":{"start":{"line":11,"column":0},"end":{"line":11,"column":37}},"6":{"start":{"line":13,"column":0},"end":{"line":13,"column":50}},"7":{"start":{"line":15,"column":0},"end":{"line":15,"column":24}},"8":{"start":{"line":16,"column":0},"end":{"line":16,"column":96}},"9":{"start":{"line":17,"column":0},"end":{"line":17,"column":36}}},"branchMap":{"1":{"line":7,"type":"cond-expr","locations":[{"start":{"line":7,"column":70},"end":{"line":7,"column":73}},{"start":{"line":7,"column":76},"end":{"line":7,"column":94}}]},"2":{"line":7,"type":"binary-expr","locations":[{"start":{"line":7,"column":46},"end":{"line":7,"column":49}},{"start":{"line":7,"column":53},"end":{"line":7,"column":67}}]}},"code":["'use strict';","","Object.defineProperty(exports, '__esModule', {","    value: true","});","","function _interopRequireDefault(obj) { return obj && obj.__esModule ? obj : { 'default': obj }; }","","var _generate = require('./generate');","","var _exports2 = require('./exports');","","var _exports3 = _interopRequireDefault(_exports2);","","var useImportant = true; // Add !important to all style definitions","exports['default'] = (0, _exports3['default'])(useImportant, _generate.defaultSelectorHandlers);","module.exports = exports['default'];"],"l":{"3":1,"7":1,"9":1,"11":1,"13":1,"15":1,"16":1,"17":1}},"/home/travis/build/npmtest/node-npmtest-aphrodite/node_modules/aphrodite/lib/generate.js":{"path":"/home/travis/build/npmtest/node-npmtest-aphrodite/node_modules/aphrodite/lib/generate.js","s":{"1":1,"2":1,"3":1,"4":0,"5":0,"6":0,"7":0,"8":0,"9":0,"10":0,"11":0,"12":0,"13":0,"14":0,"15":0,"16":0,"17":0,"18":0,"19":0,"20":0,"21":1,"22":0,"23":0,"24":0,"25":0,"26":0,"27":1,"28":0,"29":0,"30":0,"31":0,"32":0,"33":0,"34":1,"35":3,"36":1,"37":1,"38":1,"39":1,"40":1,"41":1,"42":1,"43":1,"44":1,"45":0,"46":0,"47":0,"48":0,"49":0,"50":0,"51":0,"52":1,"53":1,"54":0,"55":0,"56":0,"57":0,"58":0,"59":0,"60":0,"61":0,"62":0,"63":0,"64":0,"65":0,"66":0,"67":1,"68":1,"69":0,"70":0,"71":0,"72":0,"73":0,"74":1,"75":0,"76":0,"77":0,"78":0,"79":0,"80":0,"81":0,"82":0,"83":0,"84":0,"85":0,"86":0,"87":0,"88":0,"89":0,"90":0,"91":0,"92":0,"93":0,"94":0,"95":0,"96":1,"97":0,"98":0,"99":0,"100":0,"101":0,"102":0,"103":0,"104":0,"105":0,"106":0,"107":0,"108":0,"109":0,"110":0,"111":0,"112":0,"113":0,"114":0,"115":0,"116":0,"117":1},"b":{"1":[0,0],"2":[0,0],"3":[0,0],"4":[0,0],"5":[0,0],"6":[0,0],"7":[0,0],"8":[1,0],"9":[0,0],"10":[0,3],"11":[3,3],"12":[0,0],"13":[0,0],"14":[0,0],"15":[0,0],"16":[0,0],"17":[0,0],"18":[0,0],"19":[0,0],"20":[0,0],"21":[0,0],"22":[0,0],"23":[0,0],"24":[0,0]},"f":{"1":1,"2":0,"3":0,"4":0,"5":3,"6":0,"7":0,"8":0,"9":0,"10":0,"11":0,"12":0,"13":0,"14":0,"15":0,"16":0,"17":0,"18":0,"19":0,"20":0},"fnMap":{"1":{"name":"(anonymous_1)","line":7,"loc":{"start":{"line":7,"column":22},"end":{"line":7,"column":34}}},"2":{"name":"sliceIterator","line":7,"loc":{"start":{"line":7,"column":36},"end":{"line":7,"column":67}}},"3":{"name":"(anonymous_3)","line":7,"loc":{"start":{"line":7,"column":437},"end":{"line":7,"column":455}}},"4":{"name":"(anonymous_4)","line":9,"loc":{"start":{"line":9,"column":32},"end":{"line":9,"column":50}}},"5":{"name":"_interopRequireDefault","line":11,"loc":{"start":{"line":11,"column":0},"end":{"line":11,"column":37}}},"6":{"name":"pseudoSelectors","line":90,"loc":{"start":{"line":90,"column":0},"end":{"line":93,"column":7}}},"7":{"name":"mediaQueries","line":101,"loc":{"start":{"line":101,"column":0},"end":{"line":104,"column":7}}},"8":{"name":"generateCSS","line":157,"loc":{"start":{"line":157,"column":18},"end":{"line":162,"column":16}}},"9":{"name":"(anonymous_9)","line":169,"loc":{"start":{"line":169,"column":19},"end":{"line":169,"column":39}}},"10":{"name":"(anonymous_10)","line":172,"loc":{"start":{"line":172,"column":49},"end":{"line":172,"column":68}}},"11":{"name":"(anonymous_11)","line":173,"loc":{"start":{"line":173,"column":48},"end":{"line":173,"column":71}}},"12":{"name":"runStringHandlers","line":200,"loc":{"start":{"line":200,"column":24},"end":{"line":203,"column":7}}},"13":{"name":"(anonymous_13)","line":205,"loc":{"start":{"line":205,"column":28},"end":{"line":205,"column":48}}},"14":{"name":"generateCSSRuleset","line":252,"loc":{"start":{"line":252,"column":25},"end":{"line":257,"column":16}}},"15":{"name":"(anonymous_15)","line":265,"loc":{"start":{"line":265,"column":94},"end":{"line":265,"column":110}}},"16":{"name":"(anonymous_16)","line":275,"loc":{"start":{"line":275,"column":29},"end":{"line":275,"column":42}}},"17":{"name":"sortOrderForProperty","line":304,"loc":{"start":{"line":304,"column":4},"end":{"line":304,"column":41}}},"18":{"name":"(anonymous_18)","line":330,"loc":{"start":{"line":330,"column":23},"end":{"line":330,"column":39}}},"19":{"name":"(anonymous_19)","line":334,"loc":{"start":{"line":334,"column":73},"end":{"line":334,"column":95}}},"20":{"name":"(anonymous_20)","line":338,"loc":{"start":{"line":338,"column":34},"end":{"line":338,"column":51}}}},"statementMap":{"1":{"start":{"line":3,"column":0},"end":{"line":5,"column":3}},"2":{"start":{"line":7,"column":0},"end":{"line":7,"column":666}},"3":{"start":{"line":7,"column":36},"end":{"line":7,"column":429}},"4":{"start":{"line":7,"column":69},"end":{"line":7,"column":83}},"5":{"start":{"line":7,"column":84},"end":{"line":7,"column":98}},"6":{"start":{"line":7,"column":99},"end":{"line":7,"column":114}},"7":{"start":{"line":7,"column":115},"end":{"line":7,"column":134}},"8":{"start":{"line":7,"column":135},"end":{"line":7,"column":414}},"9":{"start":{"line":7,"column":141},"end":{"line":7,"column":284}},"10":{"start":{"line":7,"column":227},"end":{"line":7,"column":247}},"11":{"start":{"line":7,"column":248},"end":{"line":7,"column":282}},"12":{"start":{"line":7,"column":276},"end":{"line":7,"column":282}},"13":{"start":{"line":7,"column":301},"end":{"line":7,"column":311}},"14":{"start":{"line":7,"column":312},"end":{"line":7,"column":321}},"15":{"start":{"line":7,"column":334},"end":{"line":7,"column":412}},"16":{"start":{"line":7,"column":340},"end":{"line":7,"column":380}},"17":{"start":{"line":7,"column":365},"end":{"line":7,"column":380}},"18":{"start":{"line":7,"column":393},"end":{"line":7,"column":410}},"19":{"start":{"line":7,"column":401},"end":{"line":7,"column":410}},"20":{"start":{"line":7,"column":415},"end":{"line":7,"column":427}},"21":{"start":{"line":7,"column":430},"end":{"line":7,"column":660}},"22":{"start":{"line":7,"column":457},"end":{"line":7,"column":657}},"23":{"start":{"line":7,"column":483},"end":{"line":7,"column":494}},"24":{"start":{"line":7,"column":502},"end":{"line":7,"column":657}},"25":{"start":{"line":7,"column":540},"end":{"line":7,"column":569}},"26":{"start":{"line":7,"column":579},"end":{"line":7,"column":655}},"27":{"start":{"line":9,"column":0},"end":{"line":9,"column":257}},"28":{"start":{"line":9,"column":52},"end":{"line":9,"column":239}},"29":{"start":{"line":9,"column":97},"end":{"line":9,"column":123}},"30":{"start":{"line":9,"column":124},"end":{"line":9,"column":237}},"31":{"start":{"line":9,"column":150},"end":{"line":9,"column":235}},"32":{"start":{"line":9,"column":207},"end":{"line":9,"column":233}},"33":{"start":{"line":9,"column":240},"end":{"line":9,"column":254}},"34":{"start":{"line":11,"column":0},"end":{"line":11,"column":97}},"35":{"start":{"line":11,"column":39},"end":{"line":11,"column":95}},"36":{"start":{"line":13,"column":0},"end":{"line":13,"column":102}},"37":{"start":{"line":15,"column":0},"end":{"line":15,"column":113}},"38":{"start":{"line":17,"column":0},"end":{"line":17,"column":62}},"39":{"start":{"line":19,"column":0},"end":{"line":19,"column":73}},"40":{"start":{"line":21,"column":0},"end":{"line":21,"column":53}},"41":{"start":{"line":23,"column":0},"end":{"line":23,"column":65}},"42":{"start":{"line":25,"column":0},"end":{"line":25,"column":30}},"43":{"start":{"line":27,"column":0},"end":{"line":27,"column":108}},"44":{"start":{"line":88,"column":0},"end":{"line":111,"column":3}},"45":{"start":{"line":94,"column":4},"end":{"line":96,"column":5}},"46":{"start":{"line":95,"column":8},"end":{"line":95,"column":20}},"47":{"start":{"line":97,"column":4},"end":{"line":97,"column":58}},"48":{"start":{"line":105,"column":4},"end":{"line":107,"column":5}},"49":{"start":{"line":106,"column":8},"end":{"line":106,"column":20}},"50":{"start":{"line":109,"column":4},"end":{"line":109,"column":56}},"51":{"start":{"line":110,"column":4},"end":{"line":110,"column":44}},"52":{"start":{"line":113,"column":0},"end":{"line":113,"column":58}},"53":{"start":{"line":157,"column":0},"end":{"line":191,"column":2}},"54":{"start":{"line":163,"column":4},"end":{"line":163,"column":117}},"55":{"start":{"line":165,"column":4},"end":{"line":165,"column":63}},"56":{"start":{"line":166,"column":4},"end":{"line":166,"column":29}},"57":{"start":{"line":169,"column":4},"end":{"line":188,"column":7}},"58":{"start":{"line":172,"column":8},"end":{"line":182,"column":11}},"59":{"start":{"line":173,"column":12},"end":{"line":175,"column":15}},"60":{"start":{"line":174,"column":16},"end":{"line":174,"column":103}},"61":{"start":{"line":176,"column":12},"end":{"line":181,"column":13}},"62":{"start":{"line":179,"column":16},"end":{"line":179,"column":42}},"63":{"start":{"line":180,"column":16},"end":{"line":180,"column":28}},"64":{"start":{"line":185,"column":8},"end":{"line":187,"column":9}},"65":{"start":{"line":186,"column":12},"end":{"line":186,"column":44}},"66":{"start":{"line":190,"column":4},"end":{"line":190,"column":125}},"67":{"start":{"line":193,"column":0},"end":{"line":193,"column":34}},"68":{"start":{"line":200,"column":0},"end":{"line":219,"column":2}},"69":{"start":{"line":204,"column":4},"end":{"line":204,"column":45}},"70":{"start":{"line":205,"column":4},"end":{"line":218,"column":7}},"71":{"start":{"line":208,"column":8},"end":{"line":217,"column":9}},"72":{"start":{"line":214,"column":12},"end":{"line":214,"column":62}},"73":{"start":{"line":216,"column":12},"end":{"line":216,"column":23}},"74":{"start":{"line":252,"column":0},"end":{"line":351,"column":2}},"75":{"start":{"line":258,"column":4},"end":{"line":258,"column":120}},"76":{"start":{"line":260,"column":4},"end":{"line":260,"column":70}},"77":{"start":{"line":263,"column":4},"end":{"line":263,"column":71}},"78":{"start":{"line":265,"column":4},"end":{"line":280,"column":8}},"79":{"start":{"line":266,"column":8},"end":{"line":266,"column":44}},"80":{"start":{"line":268,"column":8},"end":{"line":268,"column":27}},"81":{"start":{"line":269,"column":8},"end":{"line":269,"column":29}},"82":{"start":{"line":271,"column":8},"end":{"line":278,"column":9}},"83":{"start":{"line":275,"column":12},"end":{"line":277,"column":15}},"84":{"start":{"line":276,"column":16},"end":{"line":276,"column":32}},"85":{"start":{"line":279,"column":8},"end":{"line":279,"column":30}},"86":{"start":{"line":284,"column":4},"end":{"line":284,"column":23}},"87":{"start":{"line":285,"column":4},"end":{"line":301,"column":5}},"88":{"start":{"line":286,"column":8},"end":{"line":286,"column":50}},"89":{"start":{"line":287,"column":8},"end":{"line":287,"column":27}},"90":{"start":{"line":293,"column":8},"end":{"line":293,"column":70}},"91":{"start":{"line":294,"column":8},"end":{"line":294,"column":102}},"92":{"start":{"line":295,"column":8},"end":{"line":300,"column":9}},"93":{"start":{"line":296,"column":12},"end":{"line":299,"column":13}},"94":{"start":{"line":297,"column":16},"end":{"line":297,"column":53}},"95":{"start":{"line":298,"column":16},"end":{"line":298,"column":74}},"96":{"start":{"line":304,"column":4},"end":{"line":327,"column":5}},"97":{"start":{"line":305,"column":8},"end":{"line":305,"column":46}},"98":{"start":{"line":307,"column":8},"end":{"line":307,"column":28}},"99":{"start":{"line":308,"column":8},"end":{"line":308,"column":30}},"100":{"start":{"line":310,"column":8},"end":{"line":326,"column":9}},"101":{"start":{"line":311,"column":12},"end":{"line":320,"column":13}},"102":{"start":{"line":314,"column":16},"end":{"line":314,"column":45}},"103":{"start":{"line":319,"column":16},"end":{"line":319,"column":38}},"104":{"start":{"line":325,"column":12},"end":{"line":325,"column":22}},"105":{"start":{"line":330,"column":4},"end":{"line":332,"column":7}},"106":{"start":{"line":331,"column":8},"end":{"line":331,"column":65}},"107":{"start":{"line":334,"column":4},"end":{"line":336,"column":6}},"108":{"start":{"line":335,"column":8},"end":{"line":335,"column":78}},"109":{"start":{"line":338,"column":4},"end":{"line":344,"column":16}},"110":{"start":{"line":339,"column":8},"end":{"line":339,"column":46}},"111":{"start":{"line":341,"column":8},"end":{"line":341,"column":28}},"112":{"start":{"line":342,"column":8},"end":{"line":342,"column":30}},"113":{"start":{"line":343,"column":8},"end":{"line":343,"column":90}},"114":{"start":{"line":346,"column":4},"end":{"line":350,"column":5}},"115":{"start":{"line":347,"column":8},"end":{"line":347,"column":44}},"116":{"start":{"line":349,"column":8},"end":{"line":349,"column":18}},"117":{"start":{"line":352,"column":0},"end":{"line":352,"column":48}}},"branchMap":{"1":{"line":7,"type":"if","locations":[{"start":{"line":7,"column":248},"end":{"line":7,"column":248}},{"start":{"line":7,"column":248},"end":{"line":7,"column":248}}]},"2":{"line":7,"type":"binary-expr","locations":[{"start":{"line":7,"column":252},"end":{"line":7,"column":253}},{"start":{"line":7,"column":257},"end":{"line":7,"column":274}}]},"3":{"line":7,"type":"if","locations":[{"start":{"line":7,"column":340},"end":{"line":7,"column":340}},{"start":{"line":7,"column":340},"end":{"line":7,"column":340}}]},"4":{"line":7,"type":"binary-expr","locations":[{"start":{"line":7,"column":344},"end":{"line":7,"column":347}},{"start":{"line":7,"column":351},"end":{"line":7,"column":363}}]},"5":{"line":7,"type":"if","locations":[{"start":{"line":7,"column":393},"end":{"line":7,"column":393}},{"start":{"line":7,"column":393},"end":{"line":7,"column":393}}]},"6":{"line":7,"type":"if","locations":[{"start":{"line":7,"column":457},"end":{"line":7,"column":457}},{"start":{"line":7,"column":457},"end":{"line":7,"column":457}}]},"7":{"line":7,"type":"if","locations":[{"start":{"line":7,"column":502},"end":{"line":7,"column":502}},{"start":{"line":7,"column":502},"end":{"line":7,"column":502}}]},"8":{"line":9,"type":"binary-expr","locations":[{"start":{"line":9,"column":15},"end":{"line":9,"column":28}},{"start":{"line":9,"column":32},"end":{"line":9,"column":256}}]},"9":{"line":9,"type":"if","locations":[{"start":{"line":9,"column":150},"end":{"line":9,"column":150}},{"start":{"line":9,"column":150},"end":{"line":9,"column":150}}]},"10":{"line":11,"type":"cond-expr","locations":[{"start":{"line":11,"column":70},"end":{"line":11,"column":73}},{"start":{"line":11,"column":76},"end":{"line":11,"column":94}}]},"11":{"line":11,"type":"binary-expr","locations":[{"start":{"line":11,"column":46},"end":{"line":11,"column":49}},{"start":{"line":11,"column":53},"end":{"line":11,"column":67}}]},"12":{"line":94,"type":"if","locations":[{"start":{"line":94,"column":4},"end":{"line":94,"column":4}},{"start":{"line":94,"column":4},"end":{"line":94,"column":4}}]},"13":{"line":105,"type":"if","locations":[{"start":{"line":105,"column":4},"end":{"line":105,"column":4}},{"start":{"line":105,"column":4},"end":{"line":105,"column":4}}]},"14":{"line":176,"type":"if","locations":[{"start":{"line":176,"column":12},"end":{"line":176,"column":12}},{"start":{"line":176,"column":12},"end":{"line":176,"column":12}}]},"15":{"line":185,"type":"if","locations":[{"start":{"line":185,"column":8},"end":{"line":185,"column":8}},{"start":{"line":185,"column":8},"end":{"line":185,"column":8}}]},"16":{"line":208,"type":"if","locations":[{"start":{"line":208,"column":8},"end":{"line":208,"column":8}},{"start":{"line":208,"column":8},"end":{"line":208,"column":8}}]},"17":{"line":208,"type":"binary-expr","locations":[{"start":{"line":208,"column":12},"end":{"line":208,"column":29}},{"start":{"line":208,"column":33},"end":{"line":208,"column":67}}]},"18":{"line":271,"type":"if","locations":[{"start":{"line":271,"column":8},"end":{"line":271,"column":8}},{"start":{"line":271,"column":8},"end":{"line":271,"column":8}}]},"19":{"line":296,"type":"if","locations":[{"start":{"line":296,"column":12},"end":{"line":296,"column":12}},{"start":{"line":296,"column":12},"end":{"line":296,"column":12}}]},"20":{"line":310,"type":"if","locations":[{"start":{"line":310,"column":8},"end":{"line":310,"column":8}},{"start":{"line":310,"column":8},"end":{"line":310,"column":8}}]},"21":{"line":311,"type":"if","locations":[{"start":{"line":311,"column":12},"end":{"line":311,"column":12}},{"start":{"line":311,"column":12},"end":{"line":311,"column":12}}]},"22":{"line":311,"type":"binary-expr","locations":[{"start":{"line":311,"column":16},"end":{"line":311,"column":52}},{"start":{"line":311,"column":56},"end":{"line":311,"column":87}}]},"23":{"line":334,"type":"cond-expr","locations":[{"start":{"line":334,"column":50},"end":{"line":334,"column":70}},{"start":{"line":334,"column":73},"end":{"line":336,"column":5}}]},"24":{"line":346,"type":"if","locations":[{"start":{"line":346,"column":4},"end":{"line":346,"column":4}},{"start":{"line":346,"column":4},"end":{"line":346,"column":4}}]}},"code":["'use strict';","","Object.defineProperty(exports, '__esModule', {","    value: true","});","","var _slicedToArray = (function () { function sliceIterator(arr, i) { var _arr = []; var _n = true; var _d = false; var _e = undefined; try { for (var _i = arr[Symbol.iterator](), _s; !(_n = (_s = _i.next()).done); _n = true) { _arr.push(_s.value); if (i && _arr.length === i) break; } } catch (err) { _d = true; _e = err; } finally { try { if (!_n && _i['return']) _i['return'](); } finally { if (_d) throw _e; } } return _arr; } return function (arr, i) { if (Array.isArray(arr)) { return arr; } else if (Symbol.iterator in Object(arr)) { return sliceIterator(arr, i); } else { throw new TypeError('Invalid attempt to destructure non-iterable instance'); } }; })();","","var _extends = Object.assign || function (target) { for (var i = 1; i < arguments.length; i++) { var source = arguments[i]; for (var key in source) { if (Object.prototype.hasOwnProperty.call(source, key)) { target[key] = source[key]; } } } return target; };","","function _interopRequireDefault(obj) { return obj && obj.__esModule ? obj : { 'default': obj }; }","","var _inlineStylePrefixerStaticCreatePrefixer = require('inline-style-prefixer/static/createPrefixer');","","var _inlineStylePrefixerStaticCreatePrefixer2 = _interopRequireDefault(_inlineStylePrefixerStaticCreatePrefixer);","","var _libStaticPrefixData = require('../lib/staticPrefixData');","","var _libStaticPrefixData2 = _interopRequireDefault(_libStaticPrefixData);","","var _orderedElements = require('./ordered-elements');","","var _orderedElements2 = _interopRequireDefault(_orderedElements);","","var _util = require('./util');","","var prefixAll = (0, _inlineStylePrefixerStaticCreatePrefixer2['default'])(_libStaticPrefixData2['default']);","","/* ::","import type { SheetDefinition } from './index.js';","type StringHandlers = { [id:string]: Function };","type SelectorCallback = (selector: string) => any;","export type SelectorHandler = (","    selector: string,","    baseSelector: string,","    callback: SelectorCallback",") => string | null;","*/","","/**"," * `selectorHandlers` are functions which handle special selectors which act"," * differently than normal style definitions. These functions look at the"," * current selector and can generate CSS for the styles in their subtree by"," * calling the callback with a new selector."," *"," * For example, when generating styles with a base selector of '.foo' and the"," * following styles object:"," *"," *   {"," *     ':nth-child(2n)': {"," *       ':hover': {"," *         color: 'red'"," *       }"," *     }"," *   }"," *"," * when we reach the ':hover' style, we would call our selector handlers like"," *"," *   handler(':hover', '.foo:nth-child(2n)', callback)"," *"," * Since our `pseudoSelectors` handles ':hover' styles, that handler would call"," * the callback like"," *"," *   callback('.foo:nth-child(2n):hover')"," *"," * to generate its subtree `{ color: 'red' }` styles with a"," * '.foo:nth-child(2n):hover' selector. The callback would return CSS like"," *"," *   '.foo:nth-child(2n):hover{color:red !important;}'"," *"," * and the handler would then return that resulting CSS."," *"," * `defaultSelectorHandlers` is the list of default handlers used in a call to"," * `generateCSS`."," *"," * @name SelectorHandler"," * @function"," * @param {string} selector: The currently inspected selector. ':hover' in the"," *     example above."," * @param {string} baseSelector: The selector of the parent styles."," *     '.foo:nth-child(2n)' in the example above."," * @param {function} generateSubtreeStyles: A function which can be called to"," *     generate CSS for the subtree of styles corresponding to the selector."," *     Accepts a new baseSelector to use for generating those styles."," * @returns {?string} The generated CSS for this selector, or null if we don't"," *     handle this selector."," */","var defaultSelectorHandlers = [","// Handle pseudo-selectors, like :hover and :nth-child(3n)","function pseudoSelectors(selector, /* : string */","baseSelector, /* : string */","generateSubtreeStyles /* : Function */",") /* */{","    if (selector[0] !== \":\") {","        return null;","    }","    return generateSubtreeStyles(baseSelector + selector);","},","","// Handle media queries (or font-faces)","function mediaQueries(selector, /* : string */","baseSelector, /* : string */","generateSubtreeStyles /* : Function */",") /* */{","    if (selector[0] !== \"@\") {","        return null;","    }","    // Generate the styles normally, and then wrap them in the media query.","    var generated = generateSubtreeStyles(baseSelector);","    return selector + '{' + generated + '}';","}];","","exports.defaultSelectorHandlers = defaultSelectorHandlers;","/**"," * Generate CSS for a selector and some styles."," *"," * This function handles the media queries and pseudo selectors that can be used"," * in aphrodite styles."," *"," * @param {string} selector: A base CSS selector for the styles to be generated"," *     with."," * @param {Object} styleTypes: A list of properties of the return type of"," *     StyleSheet.create, e.g. [styles.red, styles.blue]."," * @param {Array.<SelectorHandler>} selectorHandlers: A list of selector"," *     handlers to use for handling special selectors. See"," *     `defaultSelectorHandlers`."," * @param stringHandlers: See `generateCSSRuleset`"," * @param useImportant: See `generateCSSRuleset`"," *"," * To actually generate the CSS special-construct-less styles are passed to"," * `generateCSSRuleset`."," *"," * For instance, a call to"," *"," *     generateCSS(\".foo\", [{"," *       color: \"red\","," *       \"@media screen\": {"," *         height: 20,"," *         \":hover\": {"," *           backgroundColor: \"black\""," *         }"," *       },"," *       \":active\": {"," *         fontWeight: \"bold\""," *       }"," *     }], defaultSelectorHandlers);"," *"," * with the default `selectorHandlers` will make 5 calls to"," * `generateCSSRuleset`:"," *"," *     generateCSSRuleset(\".foo\", { color: \"red\" }, ...)"," *     generateCSSRuleset(\".foo:active\", { fontWeight: \"bold\" }, ...)"," *     // These 2 will be wrapped in @media screen {}"," *     generateCSSRuleset(\".foo\", { height: 20 }, ...)"," *     generateCSSRuleset(\".foo:hover\", { backgroundColor: \"black\" }, ...)"," */","var generateCSS = function generateCSS(selector, /* : string */","styleTypes, /* : SheetDefinition[] */","selectorHandlers, /* : SelectorHandler[] */","stringHandlers, /* : StringHandlers */","useImportant /* : boolean */",") /* : string */{","    var merged /* : OrderedElements */ = styleTypes.reduce(_util.recursiveMerge, new _orderedElements2['default']());","","    var plainDeclarations = new _orderedElements2['default']();","    var generatedStyles = \"\";","","    // TODO(emily): benchmark this to see if a plain for loop would be faster.","    merged.forEach(function (key, val) {","        // For each key, see if one of the selector handlers will handle these","        // styles.","        var foundHandler = selectorHandlers.some(function (handler) {","            var result = handler(key, selector, function (newSelector) {","                return generateCSS(newSelector, [val], selectorHandlers, stringHandlers, useImportant);","            });","            if (result != null) {","                // If the handler returned something, add it to the generated","                // CSS and stop looking for another handler.","                generatedStyles += result;","                return true;","            }","        });","        // If none of the handlers handled it, add it to the list of plain","        // style declarations.","        if (!foundHandler) {","            plainDeclarations.set(key, val);","        }","    });","","    return generateCSSRuleset(selector, plainDeclarations, stringHandlers, useImportant, selectorHandlers) + generatedStyles;","};","","exports.generateCSS = generateCSS;","/**"," * Helper method of generateCSSRuleset to facilitate custom handling of certain"," * CSS properties. Used for e.g. font families."," *"," * See generateCSSRuleset for usage and documentation of paramater types."," */","var runStringHandlers = function runStringHandlers(declarations, /* : OrderedElements */","stringHandlers, /* : StringHandlers */","selectorHandlers /* : SelectorHandler[] */",") /* */{","    var hasStringHandlers = !!stringHandlers;","    return declarations.map(function (key, val) {","        // If a handler exists for this particular key, let it interpret","        // that value first before continuing","        if (hasStringHandlers && stringHandlers.hasOwnProperty(key)) {","            // TODO(emily): Pass in a callback which generates CSS, similar to","            // how our selector handlers work, instead of passing in","            // `selectorHandlers` and have them make calls to `generateCSS`","            // themselves. Right now, this is impractical because our string","            // handlers are very specialized and do complex things.","            return stringHandlers[key](val, selectorHandlers);","        } else {","            return val;","        }","    });","};","","/**"," * Generate a CSS ruleset with the selector and containing the declarations."," *"," * This function assumes that the given declarations don't contain any special"," * children (such as media queries, pseudo-selectors, or descendant styles)."," *"," * Note that this method does not deal with nesting used for e.g."," * psuedo-selectors or media queries. That responsibility is left to  the"," * `generateCSS` function."," *"," * @param {string} selector: the selector associated with the ruleset"," * @param {Object} declarations: a map from camelCased CSS property name to CSS"," *     property value."," * @param {Object.<string, function>} stringHandlers: a map from camelCased CSS"," *     property name to a function which will map the given value to the value"," *     that is output."," * @param {bool} useImportant: A boolean saying whether to append \"!important\""," *     to each of the CSS declarations."," * @returns {string} A string of raw CSS."," *"," * Examples:"," *"," *    generateCSSRuleset(\".blah\", { color: \"red\" })"," *    -> \".blah{color: red !important;}\""," *    generateCSSRuleset(\".blah\", { color: \"red\" }, {}, false)"," *    -> \".blah{color: red}\""," *    generateCSSRuleset(\".blah\", { color: \"red\" }, {color: c => c.toUpperCase})"," *    -> \".blah{color: RED}\""," *    generateCSSRuleset(\".blah:hover\", { color: \"red\" })"," *    -> \".blah:hover{color: red}\""," */","var generateCSSRuleset = function generateCSSRuleset(selector, /* : string */","declarations, /* : OrderedElements */","stringHandlers, /* : StringHandlers */","useImportant, /* : boolean */","selectorHandlers /* : SelectorHandler[] */",") /* : string */{","    var handledDeclarations /* : OrderedElements */ = runStringHandlers(declarations, stringHandlers, selectorHandlers);","","    var originalElements = _extends({}, handledDeclarations.elements);","","    // NOTE(emily): This mutates handledDeclarations.elements.","    var prefixedDeclarations = prefixAll(handledDeclarations.elements);","","    var prefixedRules = (0, _util.flatten)((0, _util.objectToPairs)(prefixedDeclarations).map(function (_ref) {","        var _ref2 = _slicedToArray(_ref, 2);","","        var key = _ref2[0];","        var value = _ref2[1];","","        if (Array.isArray(value)) {","            // inline-style-prefixer returns an array when there should be","            // multiple rules for the same key. Here we flatten to multiple","            // pairs with the same key.","            return value.map(function (v) {","                return [key, v];","            });","        }","        return [[key, value]];","    }));","","    // Calculate the order that we want to each element in `prefixedRules` to","    // be in, based on its index in the original key ordering.","    var sortOrder = {};","    for (var i = 0; i < handledDeclarations.keyOrder.length; i++) {","        var key = handledDeclarations.keyOrder[i];","        sortOrder[key] = i;","","        // In order to keep most prefixed versions of keys in about the same","        // order that the original keys were in but placed before the","        // unprefixed version, we generate the prefixed forms of the keys and","        // set their order to the same as the original key minus a little bit.","        var capitalizedKey = '' + key[0].toUpperCase() + key.slice(1);","        var prefixedKeys = ['Webkit' + capitalizedKey, 'Moz' + capitalizedKey, 'ms' + capitalizedKey];","        for (var j = 0; j < prefixedKeys.length; ++j) {","           
[...]
":199,"column":4},"end":{"line":199,"column":37}},"77":{"start":{"line":200,"column":4},"end":{"line":202,"column":5}},"78":{"start":{"line":201,"column":8},"end":{"line":201,"column":35}},"79":{"start":{"line":205,"column":0},"end":{"line":205,"column":42}},"80":{"start":{"line":206,"column":0},"end":{"line":208,"column":2}},"81":{"start":{"line":207,"column":4},"end":{"line":207,"column":40}},"82":{"start":{"line":210,"column":0},"end":{"line":210,"column":54}},"83":{"start":{"line":211,"column":0},"end":{"line":215,"column":2}},"84":{"start":{"line":212,"column":4},"end":{"line":214,"column":7}},"85":{"start":{"line":213,"column":8},"end":{"line":213,"column":42}},"86":{"start":{"line":217,"column":0},"end":{"line":217,"column":54}},"87":{"start":{"line":228,"column":0},"end":{"line":253,"column":2}},"88":{"start":{"line":232,"column":4},"end":{"line":232,"column":64}},"89":{"start":{"line":234,"column":4},"end":{"line":234,"column":27}},"90":{"start":{"line":235,"column":4},"end":{"line":235,"column":28}},"91":{"start":{"line":236,"column":4},"end":{"line":243,"column":5}},"92":{"start":{"line":239,"column":8},"end":{"line":242,"column":9}},"93":{"start":{"line":240,"column":12},"end":{"line":240,"column":58}},"94":{"start":{"line":241,"column":12},"end":{"line":241,"column":65}},"95":{"start":{"line":245,"column":4},"end":{"line":247,"column":5}},"96":{"start":{"line":246,"column":8},"end":{"line":246,"column":18}},"97":{"start":{"line":248,"column":4},"end":{"line":248,"column":48}},"98":{"start":{"line":250,"column":4},"end":{"line":250,"column":96}},"99":{"start":{"line":252,"column":4},"end":{"line":252,"column":21}},"100":{"start":{"line":254,"column":0},"end":{"line":254,"column":54}}},"branchMap":{"1":{"line":7,"type":"cond-expr","locations":[{"start":{"line":7,"column":70},"end":{"line":7,"column":73}},{"start":{"line":7,"column":76},"end":{"line":7,"column":94}}]},"2":{"line":7,"type":"binary-expr","locations":[{"start":{"line":7,"column":46},"end":{"line":7,"column":49}},{"start":{"line":7,"column":53},"end":{"line":7,"column":67}}]},"3":{"line":35,"type":"if","locations":[{"start":{"line":35,"column":4},"end":{"line":35,"column":4}},{"start":{"line":35,"column":4},"end":{"line":35,"column":4}}]},"4":{"line":40,"type":"if","locations":[{"start":{"line":40,"column":8},"end":{"line":40,"column":8}},{"start":{"line":40,"column":8},"end":{"line":40,"column":8}}]},"5":{"line":43,"type":"binary-expr","locations":[{"start":{"line":43,"column":23},"end":{"line":43,"column":36}},{"start":{"line":43,"column":40},"end":{"line":43,"column":80}}]},"6":{"line":52,"type":"if","locations":[{"start":{"line":52,"column":4},"end":{"line":52,"column":4}},{"start":{"line":52,"column":4},"end":{"line":52,"column":4}}]},"7":{"line":68,"type":"if","locations":[{"start":{"line":68,"column":8},"end":{"line":68,"column":8}},{"start":{"line":68,"column":8},"end":{"line":68,"column":8}}]},"8":{"line":70,"type":"if","locations":[{"start":{"line":70,"column":15},"end":{"line":70,"column":15}},{"start":{"line":70,"column":15},"end":{"line":70,"column":15}}]},"9":{"line":99,"type":"if","locations":[{"start":{"line":99,"column":8},"end":{"line":99,"column":8}},{"start":{"line":99,"column":8},"end":{"line":99,"column":8}}]},"10":{"line":103,"type":"if","locations":[{"start":{"line":103,"column":15},"end":{"line":103,"column":15}},{"start":{"line":103,"column":15},"end":{"line":103,"column":15}}]},"11":{"line":140,"type":"if","locations":[{"start":{"line":140,"column":4},"end":{"line":140,"column":4}},{"start":{"line":140,"column":4},"end":{"line":140,"column":4}}]},"12":{"line":141,"type":"if","locations":[{"start":{"line":141,"column":8},"end":{"line":141,"column":8}},{"start":{"line":141,"column":8},"end":{"line":141,"column":8}}]},"13":{"line":144,"type":"if","locations":[{"start":{"line":144,"column":12},"end":{"line":144,"column":12}},{"start":{"line":144,"column":12},"end":{"line":144,"column":12}}]},"14":{"line":164,"type":"cond-expr","locations":[{"start":{"line":164,"column":107},"end":{"line":164,"column":109}},{"start":{"line":164,"column":112},"end":{"line":164,"column":124}}]},"15":{"line":164,"type":"binary-expr","locations":[{"start":{"line":164,"column":53},"end":{"line":164,"column":74}},{"start":{"line":164,"column":78},"end":{"line":164,"column":104}}]},"16":{"line":166,"type":"if","locations":[{"start":{"line":166,"column":4},"end":{"line":166,"column":4}},{"start":{"line":166,"column":4},"end":{"line":166,"column":4}}]},"17":{"line":183,"type":"if","locations":[{"start":{"line":183,"column":4},"end":{"line":183,"column":4}},{"start":{"line":183,"column":4},"end":{"line":183,"column":4}}]},"18":{"line":200,"type":"if","locations":[{"start":{"line":200,"column":4},"end":{"line":200,"column":4}},{"start":{"line":200,"column":4},"end":{"line":200,"column":4}}]},"19":{"line":239,"type":"if","locations":[{"start":{"line":239,"column":8},"end":{"line":239,"column":8}},{"start":{"line":239,"column":8},"end":{"line":239,"column":8}}]},"20":{"line":245,"type":"if","locations":[{"start":{"line":245,"column":4},"end":{"line":245,"column":4}},{"start":{"line":245,"column":4},"end":{"line":245,"column":4}}]}},"code":["'use strict';","","Object.defineProperty(exports, '__esModule', {","    value: true","});","","function _interopRequireDefault(obj) { return obj && obj.__esModule ? obj : { 'default': obj }; }","","var _asap = require('asap');","","var _asap2 = _interopRequireDefault(_asap);","","var _generate = require('./generate');","","var _util = require('./util');","","/* ::","import type { SheetDefinition, SheetDefinitions } from './index.js';","import type { MaybeSheetDefinition } from './exports.js';","import type { SelectorHandler } from './generate.js';","*/","","// The current <style> tag we are inserting into, or null if we haven't","// inserted anything yet. We could find this each time using","// `document.querySelector(\"style[data-aphrodite\"])`, but holding onto it is","// faster.","var styleTag = null;","","// Inject a string of styles into a <style> tag in the head of the document. This","// will automatically create a style tag and then continue to use it for","// multiple injections. It will also use a style tag with the `data-aphrodite`","// tag on it if that exists in the DOM. This could be used for e.g. reusing the","// same style tag that server-side rendering inserts.","var injectStyleTag = function injectStyleTag(cssContents /* : string */) {","    if (styleTag == null) {","        // Try to find a style tag with the `data-aphrodite` attribute first.","        styleTag = document.querySelector(\"style[data-aphrodite]\");","","        // If that doesn't work, generate a new style tag.","        if (styleTag == null) {","            // Taken from","            // http://stackoverflow.com/questions/524696/how-to-create-a-style-tag-with-javascript","            var head = document.head || document.getElementsByTagName('head')[0];","            styleTag = document.createElement('style');","","            styleTag.type = 'text/css';","            styleTag.setAttribute(\"data-aphrodite\", \"\");","            head.appendChild(styleTag);","        }","    }","","    if (styleTag.styleSheet) {","        // $FlowFixMe: legacy Internet Explorer compatibility","        styleTag.styleSheet.cssText += cssContents;","    } else {","        styleTag.appendChild(document.createTextNode(cssContents));","    }","};","","// Custom handlers for stringifying CSS values that have side effects","// (such as fontFamily, which can cause @font-face rules to be injected)","var stringHandlers = {","    // With fontFamily we look for objects that are passed in and interpret","    // them as @font-face rules that we need to inject. The value of fontFamily","    // can either be a string (as normal), an object (a single font face), or","    // an array of objects and strings.","    fontFamily: function fontFamily(val) {","        if (Array.isArray(val)) {","            return val.map(fontFamily).join(\",\");","        } else if (typeof val === \"object\") {","            injectStyleOnce(val.src, \"@font-face\", [val], false);","            return '\"' + val.fontFamily + '\"';","        } else {","            return val;","        }","    },","","    // With animationName we look for an object that contains keyframes and","    // inject them as an `@keyframes` block, returning a uniquely generated","    // name. The keyframes object should look like","    //  animationName: {","    //    from: {","    //      left: 0,","    //      top: 0,","    //    },","    //    '50%': {","    //      left: 15,","    //      top: 5,","    //    },","    //    to: {","    //      left: 20,","    //      top: 20,","    //    }","    //  }","    // TODO(emily): `stringHandlers` doesn't let us rename the key, so I have","    // to use `animationName` here. Improve that so we can call this","    // `animation` instead of `animationName`.","    animationName: function animationName(val, selectorHandlers) {","        if (Array.isArray(val)) {","            return val.map(function (v) {","                return animationName(v, selectorHandlers);","            }).join(\",\");","        } else if (typeof val === \"object\") {","            // Generate a unique name based on the hash of the object. We can't","            // just use the hash because the name can't start with a number.","            // TODO(emily): this probably makes debugging hard, allow a custom","            // name?","            var _name = 'keyframe_' + (0, _util.hashObject)(val);","","            // Since keyframes need 3 layers of nesting, we use `generateCSS` to","            // build the inner layers and wrap it in `@keyframes` ourselves.","            var finalVal = '@keyframes ' + _name + '{';","            Object.keys(val).forEach(function (key) {","                finalVal += (0, _generate.generateCSS)(key, [val[key]], selectorHandlers, stringHandlers, false);","            });","            finalVal += '}';","","            injectGeneratedCSSOnce(_name, finalVal);","","            return _name;","        } else {","            return val;","        }","    }","};","","// This is a map from Aphrodite's generated class names to `true` (acting as a","// set of class names)","var alreadyInjected = {};","","// This is the buffer of styles which have not yet been flushed.","var injectionBuffer = \"\";","","// A flag to tell if we are already buffering styles. This could happen either","// because we scheduled a flush call already, so newly added styles will","// already be flushed, or because we are statically buffering on the server.","var isBuffering = false;","","var injectGeneratedCSSOnce = function injectGeneratedCSSOnce(key, generatedCSS) {","    if (!alreadyInjected[key]) {","        if (!isBuffering) {","            // We should never be automatically buffering on the server (or any","            // place without a document), so guard against that.","            if (typeof document === \"undefined\") {","                throw new Error(\"Cannot automatically buffer without a document\");","            }","","            // If we're not already buffering, schedule a call to flush the","            // current styles.","            isBuffering = true;","            (0, _asap2['default'])(flushToStyleTag);","        }","","        injectionBuffer += generatedCSS;","        alreadyInjected[key] = true;","    }","};","","var injectStyleOnce = function injectStyleOnce(key, /* : string */","selector, /* : string */","definitions, /* : SheetDefinition[] */","useImportant /* : boolean */",") {","    var selectorHandlers /* : SelectorHandler[] */ = arguments.length <= 4 || arguments[4] === undefined ? [] : arguments[4];","","    if (!alreadyInjected[key]) {","        var generated = (0, _generate.generateCSS)(selector, definitions, selectorHandlers, stringHandlers, useImportant);","","        injectGeneratedCSSOnce(key, generated);","    }","};","","exports.injectStyleOnce = injectStyleOnce;","var reset = function reset() {","    injectionBuffer = \"\";","    alreadyInjected = {};","    isBuffering = false;","    styleTag = null;","};","","exports.reset = reset;","var startBuffering = function startBuffering() {","    if (isBuffering) {","        throw new Error(\"Cannot buffer while already buffering\");","    }","    isBuffering = true;","};","","exports.startBuffering = startBuffering;","var flushToString = function flushToString() {","    isBuffering = false;","    var ret = injectionBuffer;","    injectionBuffer = \"\";","    return ret;","};","","exports.flushToString = flushToString;","var flushToStyleTag = function flushToStyleTag() {","    var cssContent = flushToString();","    if (cssContent.length > 0) {","        injectStyleTag(cssContent);","    }","};","","exports.flushToStyleTag = flushToStyleTag;","var getRenderedClassNames = function getRenderedClassNames() {","    return Object.keys(alreadyInjected);","};","","exports.getRenderedClassNames = getRenderedClassNames;","var addRenderedClassNames = function addRenderedClassNames(classNames /* : string[] */) {","    classNames.forEach(function (className) {","        alreadyInjected[className] = true;","    });","};","","exports.addRenderedClassNames = addRenderedClassNames;","/**"," * Inject styles associated with the passed style definition objects, and return"," * an associated CSS class name."," *"," * @param {boolean} useImportant If true, will append !important to generated"," *     CSS output. e.g. {color: red} -> \"color: red !important\"."," * @param {(Object|Object[])[]} styleDefinitions style definition objects, or"," *     arbitrarily nested arrays of them, as returned as properties of the"," *     return value of StyleSheet.create()."," */","var injectAndGetClassName = function injectAndGetClassName(useImportant, /* : boolean */","styleDefinitions, /* : MaybeSheetDefinition[] */","selectorHandlers /* : SelectorHandler[] */",") /* : string */{","    styleDefinitions = (0, _util.flattenDeep)(styleDefinitions);","","    var classNameBits = [];","    var definitionBits = [];","    for (var i = 0; i < styleDefinitions.length; i += 1) {","        // Filter out falsy values from the input, to allow for","        // `css(a, test && c)`","        if (styleDefinitions[i]) {","            classNameBits.push(styleDefinitions[i]._name);","            definitionBits.push(styleDefinitions[i]._definition);","        }","    }","    // Break if there aren't any valid styles.","    if (classNameBits.length === 0) {","        return \"\";","    }","    var className = classNameBits.join(\"-o_O-\");","","    injectStyleOnce(className, '.' + className, definitionBits, useImportant, selectorHandlers);","","    return className;","};","exports.injectAndGetClassName = injectAndGetClassName;"],"l":{"3":1,"7":1,"9":1,"11":1,"13":1,"15":1,"27":1,"34":1,"35":0,"37":0,"40":0,"43":0,"44":0,"46":0,"47":0,"48":0,"52":0,"54":0,"56":0,"62":1,"68":0,"69":0,"70":0,"71":0,"72":0,"74":0,"99":0,"100":0,"101":0,"103":0,"108":0,"112":0,"113":0,"114":0,"116":0,"118":0,"120":0,"122":0,"129":1,"132":1,"137":1,"139":1,"140":0,"141":0,"144":0,"145":0,"150":0,"151":0,"154":0,"155":0,"159":1,"164":0,"166":0,"167":0,"169":0,"173":1,"174":1,"175":0,"176":0,"177":0,"178":0,"181":1,"182":1,"183":0,"184":0,"186":0,"189":1,"190":1,"191":0,"192":0,"193":0,"194":0,"197":1,"198":1,"199":0,"200":0,"201":0,"205":1,"206":1,"207":0,"210":1,"211":1,"212":0,"213":0,"217":1,"228":1,"232":0,"234":0,"235":0,"236":0,"239":0,"240":0,"241":0,"245":0,"246":0,"248":0,"250":0,"252":0,"254":1}},"/home/travis/build/npmtest/node-npmtest-aphrodite/node_modules/aphrodite/lib/no-important.js":{"path":"/home/travis/build/npmtest/node-npmtest-aphrodite/node_modules/aphrodite/lib/no-important.js","s":{"1":1,"2":1,"3":1,"4":1,"5":1,"6":1,"7":1,"8":1,"9":1},"b":{"1":[0,1],"2":[1,1]},"f":{"1":1},"fnMap":{"1":{"name":"_interopRequireDefault","line":11,"loc":{"start":{"line":11,"column":0},"end":{"line":11,"column":37}}}},"statementMap":{"1":{"start":{"line":7,"column":0},"end":{"line":9,"column":3}},"2":{"start":{"line":11,"column":0},"end":{"line":11,"column":97}},"3":{"start":{"line":11,"column":39},"end":{"line":11,"column":95}},"4":{"start":{"line":13,"column":0},"end":{"line":13,"column":38}},"5":{"start":{"line":15,"column":0},"end":{"line":15,"column":37}},"6":{"start":{"line":17,"column":0},"end":{"line":17,"column":50}},"7":{"start":{"line":19,"column":0},"end":{"line":19,"column":25}},"8":{"start":{"line":20,"column":0},"end":{"line":20,"column":96}},"9":{"start":{"line":21,"column":0},"end":{"line":21,"column":36}}},"branchMap":{"1":{"line":11,"type":"cond-expr","locations":[{"start":{"line":11,"column":70},"end":{"line":11,"column":73}},{"start":{"line":11,"column":76},"end":{"line":11,"column":94}}]},"2":{"line":11,"type":"binary-expr","locations":[{"start":{"line":11,"column":46},"end":{"line":11,"column":49}},{"start":{"line":11,"column":53},"end":{"line":11,"column":67}}]}},"code":["","// Module with the same interface as the core aphrodite module,","// except that styles injected do not automatically have !important","// appended to them.","'use strict';","","Object.defineProperty(exports, '__esModule', {","    value: true","});","","function _interopRequireDefault(obj) { return obj && obj.__esModule ? obj : { 'default': obj }; }","","var _generate = require('./generate');","","var _exports2 = require('./exports');","","var _exports3 = _interopRequireDefault(_exports2);","","var useImportant = false; // Don't add !important to style definitions","exports['default'] = (0, _exports3['default'])(useImportant, _generate.defaultSelectorHandlers);","module.exports = exports['default'];"],"l":{"7":1,"11":1,"13":1,"15":1,"17":1,"19":1,"20":1,"21":1}},"/home/travis/build/npmtest/node-npmtest-aphrodite/node_modules/aphrodite/tools/generate_prefixer_data.js":{"path":"/home/travis/build/npmtest/node-npmtest-aphrodite/node_modules/aphrodite/tools/generate_prefixer_data.js","s":{"1":2,"2":0,"3":0,"4":0,"5":0},"b":{},"f":{},"fnMap":{},"statementMap":{"1":{"start":{"line":2,"column":0},"end":{"line":2,"column":64}},"2":{"start":{"line":3,"column":0},"end":{"line":3,"column":33}},"3":{"start":{"line":8,"column":0},"end":{"line":21,"column":2}},"4":{"start":{"line":23,"column":0},"end":{"line":23,"column":30}},"5":{"start":{"line":24,"column":0},"end":{"line":27,"column":3}}},"branchMap":{},"code":["//#!/usr/bin/env node","const generateData = require(\"inline-style-prefixer/generator\");","const mkdirp = require(\"mkdirp\");","","// These versions are the versions that were supported by version 2 of","// inline-style-prefixer.","// https://github.com/rofrischmann/inline-style-prefixer/blob/5f456345960512063cd4e3a0f6984fa1ce8951fb/config.js","const browserList = {","    chrome: 30,","    android: 4,","    firefox: 25,","    ios_saf: 6,","    safari: 6,","    ie: 9,","    ie_mob: 9,","    edge: 12,","    opera: 13,","    op_mini: 5,","    and_uc: 9,","    and_chr: 30,","};","","mkdirp(`${__dirname}/../lib`);","generateData(browserList, {","    staticPath: `${__dirname}/../lib/staticPrefixData.js`,","    compatibility: true,","});",""],"l":{"2":2,"3":0,"8":0,"23":0,"24":0}},"/home/travis/build/npmtest/node-npmtest-aphrodite/node_modules/aphrodite/webpack.config.js":{"path":"/home/travis/build/npmtest/node-npmtest-aphrodite/node_modules/aphrodite/webpack.config.js","s":{"1":1,"2":1},"b":{},"f":{},"fnMap":{},"statementMap":{"1":{"start":{"line":1,"column":0},"end":{"line":1,"column":27}},"2":{"start":{"line":3,"column":0},"end":{"line":17,"column":1}}},"branchMap":{},"code":["var path = require('path');","","module.exports = {","  entry: [","    './src/index'","  ],","  output: {","    path: path.join(__dirname, 'dist')","  },","  module: {","    loaders: [{","      test: /\\.js$/,","      loaders: ['babel'],","      include: path.join(__dirname, 'src')","    }]","  }","}",""],"l":{"1":1,"3":1}}}